#
# There is insufficient memory for the Java Runtime Environment to continue.
# Native memory allocation (malloc) failed to allocate 32744 bytes for ChunkPool::allocate
# Possible reasons:
#   The system is out of physical RAM or swap space
#   In 32 bit mode, the process size limit was hit
# Possible solutions:
#   Reduce memory load on the system
#   Increase physical memory or swap space
#   Check if swap backing store is full
#   Use 64 bit Java on a 64 bit OS
#   Decrease Java heap size (-Xmx/-Xms)
#   Decrease number of Java threads
#   Decrease Java thread stack sizes (-Xss)
#   Set larger code cache with -XX:ReservedCodeCacheSize=
# This output file may be truncated or incomplete.
#
#  Out of Memory Error (allocation.cpp:271), pid=10428, tid=12220
#
# JRE version: Java(TM) SE Runtime Environment (8.0_05-b13) (build 1.8.0_05-b13)
# Java VM: Java HotSpot(TM) 64-Bit Server VM (25.5-b02 mixed mode windows-amd64 compressed oops)
# Failed to write core dump. Minidumps are not enabled by default on client versions of Windows
#

---------------  T H R E A D  ---------------

Current thread (0x0000000052a14000):  JavaThread "C2 CompilerThread1" daemon [_thread_in_native, id=12220, stack(0x0000000053470000,0x0000000053570000)]

Stack: [0x0000000053470000,0x0000000053570000]
Native frames: (J=compiled Java code, j=interpreted, Vv=VM code, C=native code)
V  [jvm.dll+0x308dea]


Current CompileTask:
C2:   2891 1815       4       sun.reflect.generics.parser.SignatureParser::parsePackageNameAndSimpleClassTypeSignature (139 bytes)


---------------  P R O C E S S  ---------------

Java Threads: ( => current thread )
  0x0000000052a3b800 JavaThread "Service Thread" daemon [_thread_blocked, id=10120, stack(0x00000000535d0000,0x00000000536d0000)]
  0x0000000052a15800 JavaThread "C1 CompilerThread2" daemon [_thread_blocked, id=10632, stack(0x0000000052fd0000,0x00000000530d0000)]
=>0x0000000052a14000 JavaThread "C2 CompilerThread1" daemon [_thread_in_native, id=12220, stack(0x0000000053470000,0x0000000053570000)]
  0x0000000052a11800 JavaThread "C2 CompilerThread0" daemon [_thread_in_native, id=10832, stack(0x0000000053200000,0x0000000053300000)]
  0x0000000052a10800 JavaThread "Attach Listener" daemon [_thread_blocked, id=11624, stack(0x0000000053300000,0x0000000053400000)]
  0x0000000052a0d000 JavaThread "Signal Dispatcher" daemon [_thread_blocked, id=10908, stack(0x00000000530d0000,0x00000000531d0000)]
  0x000000005298e800 JavaThread "Finalizer" daemon [_thread_blocked, id=11592, stack(0x0000000052e70000,0x0000000052f70000)]
  0x0000000052987800 JavaThread "Reference Handler" daemon [_thread_blocked, id=10496, stack(0x0000000052c50000,0x0000000052d50000)]
  0x000000000252d000 JavaThread "main" [_thread_blocked, id=9544, stack(0x00000000026f0000,0x00000000027f0000)]

Other Threads:
  0x0000000052980800 VMThread [stack: 0x0000000052ab0000,0x0000000052bb0000] [id=10764]
  0x0000000052a51000 WatcherThread [stack: 0x0000000053770000,0x0000000053870000] [id=9100]

VM state:at safepoint (normal execution)

VM Mutex/Monitor currently owned by a thread:  ([mutex/lock_event])
[0x000000000252b800] Threads_lock - owner thread: 0x0000000052980800
[0x000000000252bd00] Heap_lock - owner thread: 0x000000000252d000

Heap:
 def new generation   total 1152K, used 1084K [0x00000000a2400000, 0x00000000a2540000, 0x00000000c1800000)
  eden space 1024K, 100% used [0x00000000a2400000, 0x00000000a2500000, 0x00000000a2500000)
  from space 128K,  47% used [0x00000000a2500000, 0x00000000a250f368, 0x00000000a2520000)
  to   space 128K,   1% used [0x00000000a2520000, 0x00000000a2520668, 0x00000000a2540000)
 tenured generation   total 64256K, used 8574K [0x00000000c1800000, 0x00000000c56c0000, 0x0000000100000000)
   the space 64256K,  13% used [0x00000000c1800000, 0x00000000c205fa40, 0x00000000c205fc00, 0x00000000c56c0000)
 Metaspace       used 11061K, capacity 11426K, committed 11648K, reserved 1058816K
  class space    used 1311K, capacity 1395K, committed 1408K, reserved 1048576K

Card table byte_map: [0x0000000011bb0000,0x0000000011ea0000] byte_map_base: 0x000000001169e000

Polling page: 0x0000000000130000

CodeCache: size=245760Kb used=5875Kb max_used=5887Kb free=239884Kb
 bounds [0x00000000027f0000, 0x0000000002dc0000, 0x00000000117f0000]
 total_blobs=2060 nmethods=1731 adapters=242
 compilation: enabled

Compilation events (10 events):
Event: 2.830 Thread 0x0000000052a15800 nmethod 1809 0x0000000002987d90 code [0x0000000002987ee0, 0x0000000002987ff0]
Event: 2.840 Thread 0x0000000052a15800 1810       3       java.io.File::<init> (113 bytes)
Event: 2.841 Thread 0x0000000052a15800 nmethod 1810 0x0000000002db0690 code [0x0000000002db0900, 0x0000000002db15a8]
Event: 2.859 Thread 0x0000000052a15800 1811       3       java.lang.Class::privateGetDeclaredFields (67 bytes)
Event: 2.860 Thread 0x0000000052a15800 nmethod 1811 0x0000000002db1bd0 code [0x0000000002db1dc0, 0x0000000002db26a8]
Event: 2.877 Thread 0x0000000052a14000 1813       4       java.io.InputStream::<init> (5 bytes)
Event: 2.878 Thread 0x0000000052a14000 nmethod 1813 0x0000000002da78d0 code [0x0000000002da7a00, 0x0000000002da7a78]
Event: 2.878 Thread 0x0000000052a14000 1814       4       com.sun.org.apache.xerces.internal.util.XMLChar::isContent (35 bytes)
Event: 2.879 Thread 0x0000000052a14000 nmethod 1814 0x00000000029c1ed0 code [0x00000000029c2000, 0x00000000029c2098]
Event: 2.880 Thread 0x0000000052a14000 1815       4       sun.reflect.generics.parser.SignatureParser::parsePackageNameAndSimpleClassTypeSignature (139 bytes)

GC Heap History (10 events):
Event: 2.810 GC heap before
{Heap before GC invocations=95 (full 0):
 def new generation   total 1152K, used 1087K [0x00000000a2400000, 0x00000000a2540000, 0x00000000c1800000)
  eden space 1024K, 100% used [0x00000000a2400000, 0x00000000a2500000, 0x00000000a2500000)
  from space 128K,  49% used [0x00000000a2520000, 0x00000000a252fe38, 0x00000000a2540000)
  to   space 128K,   0% used [0x00000000a2500000, 0x00000000a2500000, 0x00000000a2520000)
 tenured generation   total 64256K, used 8242K [0x00000000c1800000, 0x00000000c56c0000, 0x0000000100000000)
   the space 64256K,  12% used [0x00000000c1800000, 0x00000000c200c878, 0x00000000c200ca00, 0x00000000c56c0000)
 Metaspace       used 11057K, capacity 11426K, committed 11648K, reserved 1058816K
  class space    used 1311K, capacity 1395K, committed 1408K, reserved 1048576K
Event: 2.812 GC heap after
Heap after GC invocations=96 (full 0):
 def new generation   total 1152K, used 128K [0x00000000a2400000, 0x00000000a2540000, 0x00000000c1800000)
  eden space 1024K,   0% used [0x00000000a2400000, 0x00000000a2400000, 0x00000000a2500000)
  from space 128K, 100% used [0x00000000a2500000, 0x00000000a2520000, 0x00000000a2520000)
  to   space 128K,   0% used [0x00000000a2520000, 0x00000000a2520000, 0x00000000a2540000)
 tenured generation   total 64256K, used 8272K [0x00000000c1800000, 0x00000000c56c0000, 0x0000000100000000)
   the space 64256K,  12% used [0x00000000c1800000, 0x00000000c2014360, 0x00000000c2014400, 0x00000000c56c0000)
 Metaspace       used 11057K, capacity 11426K, committed 11648K, reserved 1058816K
  class space    used 1311K, capacity 1395K, committed 1408K, reserved 1048576K
}
Event: 2.834 GC heap before
{Heap before GC invocations=96 (full 0):
 def new generation   total 1152K, used 1152K [0x00000000a2400000, 0x00000000a2540000, 0x00000000c1800000)
  eden space 1024K, 100% used [0x00000000a2400000, 0x00000000a2500000, 0x00000000a2500000)
  from space 128K, 100% used [0x00000000a2500000, 0x00000000a2520000, 0x00000000a2520000)
  to   space 128K,   0% used [0x00000000a2520000, 0x00000000a2520000, 0x00000000a2540000)
 tenured generation   total 64256K, used 8272K [0x00000000c1800000, 0x00000000c56c0000, 0x0000000100000000)
   the space 64256K,  12% used [0x00000000c1800000, 0x00000000c2014360, 0x00000000c2014400, 0x00000000c56c0000)
 Metaspace       used 11059K, capacity 11426K, committed 11648K, reserved 1058816K
  class space    used 1311K, capacity 1395K, committed 1408K, reserved 1048576K
Event: 2.836 GC heap after
Heap after GC invocations=97 (full 0):
 def new generation   total 1152K, used 103K [0x00000000a2400000, 0x00000000a2540000, 0x00000000c1800000)
  eden space 1024K,   0% used [0x00000000a2400000, 0x00000000a2400000, 0x00000000a2500000)
  from space 128K,  80% used [0x00000000a2520000, 0x00000000a2539c78, 0x00000000a2540000)
  to   space 128K,   0% used [0x00000000a2500000, 0x00000000a2500000, 0x00000000a2520000)
 tenured generation   total 64256K, used 8362K [0x00000000c1800000, 0x00000000c56c0000, 0x0000000100000000)
   the space 64256K,  13% used [0x00000000c1800000, 0x00000000c202a8d8, 0x00000000c202aa00, 0x00000000c56c0000)
 Metaspace       used 11059K, capacity 11426K, committed 11648K, reserved 1058816K
  class space    used 1311K, capacity 1395K, committed 1408K, reserved 1048576K
}
Event: 2.848 GC heap before
{Heap before GC invocations=97 (full 0):
 def new generation   total 1152K, used 1127K [0x00000000a2400000, 0x00000000a2540000, 0x00000000c1800000)
  eden space 1024K, 100% used [0x00000000a2400000, 0x00000000a2500000, 0x00000000a2500000)
  from space 128K,  80% used [0x00000000a2520000, 0x00000000a2539c78, 0x00000000a2540000)
  to   space 128K,   0% used [0x00000000a2500000, 0x00000000a2500000, 0x00000000a2520000)
 tenured generation   total 64256K, used 8362K [0x00000000c1800000, 0x00000000c56c0000, 0x0000000100000000)
   the space 64256K,  13% used [0x00000000c1800000, 0x00000000c202a8d8, 0x00000000c202aa00, 0x00000000c56c0000)
 Metaspace       used 11060K, capacity 11426K, committed 11648K, reserved 1058816K
  class space    used 1311K, capacity 1395K, committed 1408K, reserved 1048576K
Event: 2.850 GC heap after
Heap after GC invocations=98 (full 0):
 def new generation   total 1152K, used 82K [0x00000000a2400000, 0x00000000a2540000, 0x00000000c1800000)
  eden space 1024K,   0% used [0x00000000a2400000, 0x00000000a2400000, 0x00000000a2500000)
  from space 128K,  64% used [0x00000000a2500000, 0x00000000a2514988, 0x00000000a2520000)
  to   space 128K,   0% used [0x00000000a2520000, 0x00000000a2520000, 0x00000000a2540000)
 tenured generation   total 64256K, used 8410K [0x00000000c1800000, 0x00000000c56c0000, 0x0000000100000000)
   the space 64256K,  13% used [0x00000000c1800000, 0x00000000c20369a8, 0x00000000c2036a00, 0x00000000c56c0000)
 Metaspace       used 11060K, capacity 11426K, committed 11648K, reserved 1058816K
  class space    used 1311K, capacity 1395K, committed 1408K, reserved 1048576K
}
Event: 2.863 GC heap before
{Heap before GC invocations=98 (full 0):
 def new generation   total 1152K, used 1106K [0x00000000a2400000, 0x00000000a2540000, 0x00000000c1800000)
  eden space 1024K, 100% used [0x00000000a2400000, 0x00000000a2500000, 0x00000000a2500000)
  from space 128K,  64% used [0x00000000a2500000, 0x00000000a2514988, 0x00000000a2520000)
  to   space 128K,   0% used [0x00000000a2520000, 0x00000000a2520000, 0x00000000a2540000)
 tenured generation   total 64256K, used 8410K [0x00000000c1800000, 0x00000000c56c0000, 0x0000000100000000)
   the space 64256K,  13% used [0x00000000c1800000, 0x00000000c20369a8, 0x00000000c2036a00, 0x00000000c56c0000)
 Metaspace       used 11061K, capacity 11426K, committed 11648K, reserved 1058816K
  class space    used 1311K, capacity 1395K, committed 1408K, reserved 1048576K
Event: 2.865 GC heap after
Heap after GC invocations=99 (full 0):
 def new generation   total 1152K, used 127K [0x00000000a2400000, 0x00000000a2540000, 0x00000000c1800000)
  eden space 1024K,   0% used [0x00000000a2400000, 0x00000000a2400000, 0x00000000a2500000)
  from space 128K,  99% used [0x00000000a2520000, 0x00000000a253ffe8, 0x00000000a2540000)
  to   space 128K,   0% used [0x00000000a2500000, 0x00000000a2500000, 0x00000000a2520000)
 tenured generation   total 64256K, used 8465K [0x00000000c1800000, 0x00000000c56c0000, 0x0000000100000000)
   the space 64256K,  13% used [0x00000000c1800000, 0x00000000c20444d0, 0x00000000c2044600, 0x00000000c56c0000)
 Metaspace       used 11061K, capacity 11426K, committed 11648K, reserved 1058816K
  class space    used 1311K, capacity 1395K, committed 1408K, reserved 1048576K
}
Event: 2.873 GC heap before
{Heap before GC invocations=99 (full 0):
 def new generation   total 1152K, used 1151K [0x00000000a2400000, 0x00000000a2540000, 0x00000000c1800000)
  eden space 1024K, 100% used [0x00000000a2400000, 0x00000000a2500000, 0x00000000a2500000)
  from space 128K,  99% used [0x00000000a2520000, 0x00000000a253ffe8, 0x00000000a2540000)
  to   space 128K,   0% used [0x00000000a2500000, 0x00000000a2500000, 0x00000000a2520000)
 tenured generation   total 64256K, used 8465K [0x00000000c1800000, 0x00000000c56c0000, 0x0000000100000000)
   the space 64256K,  13% used [0x00000000c1800000, 0x00000000c20444d0, 0x00000000c2044600, 0x00000000c56c0000)
 Metaspace       used 11061K, capacity 11426K, committed 11648K, reserved 1058816K
  class space    used 1311K, capacity 1395K, committed 1408K, reserved 1048576K
Event: 2.874 GC heap after
Heap after GC invocations=100 (full 0):
 def new generation   total 1152K, used 60K [0x00000000a2400000, 0x00000000a2540000, 0x00000000c1800000)
  eden space 1024K,   0% used [0x00000000a2400000, 0x00000000a2400000, 0x00000000a2500000)
  from space 128K,  47% used [0x00000000a2500000, 0x00000000a250f368, 0x00000000a2520000)
  to   space 128K,   0% used [0x00000000a2520000, 0x00000000a2520000, 0x00000000a2540000)
 tenured generation   total 64256K, used 8574K [0x00000000c1800000, 0x00000000c56c0000, 0x0000000100000000)
   the space 64256K,  13% used [0x00000000c1800000, 0x00000000c205fa40, 0x00000000c205fc00, 0x00000000c56c0000)
 Metaspace       used 11061K, capacity 11426K, committed 11648K, reserved 1058816K
  class space    used 1311K, capacity 1395K, committed 1408K, reserved 1048576K
}

Deoptimization events (7 events):
Event: 0.815 Thread 0x000000000252d000 Uncommon trap: reason=unloaded action=reinterpret pc=0x00000000029fa5a0 method=sun.misc.URLClassPath$JarLoader.getResource(Ljava/lang/String;Z)Lsun/misc/Resource; @ 67
Event: 1.397 Thread 0x000000000252d000 Uncommon trap: reason=class_check action=maybe_recompile pc=0x0000000002af309c method=java.util.HashMap.putVal(ILjava/lang/Object;Ljava/lang/Object;ZZ)Ljava/lang/Object; @ 253
Event: 1.397 Thread 0x000000000252d000 Uncommon trap: reason=class_check action=maybe_recompile pc=0x0000000002af309c method=java.util.HashMap.putVal(ILjava/lang/Object;Ljava/lang/Object;ZZ)Ljava/lang/Object; @ 253
Event: 1.402 Thread 0x000000000252d000 Uncommon trap: reason=class_check action=maybe_recompile pc=0x0000000002af309c method=java.util.HashMap.putVal(ILjava/lang/Object;Ljava/lang/Object;ZZ)Ljava/lang/Object; @ 253
Event: 1.453 Thread 0x000000000252d000 Uncommon trap: reason=unreached action=reinterpret pc=0x0000000002afa990 method=java.util.HashMap.putVal(ILjava/lang/Object;Ljava/lang/Object;ZZ)Ljava/lang/Object; @ 193
Event: 1.461 Thread 0x000000000252d000 Uncommon trap: reason=class_check action=maybe_recompile pc=0x0000000002af309c method=java.util.HashMap.putVal(ILjava/lang/Object;Ljava/lang/Object;ZZ)Ljava/lang/Object; @ 253
Event: 1.497 Thread 0x000000000252d000 Uncommon trap: reason=range_check action=make_not_entrant pc=0x0000000002b03ad0 method=sun.reflect.generics.parser.SignatureParser.current()C @ 34

Internal exceptions (10 events):
Event: 2.857 Thread 0x000000000252d000 Exception <a 'java/lang/ClassNotFoundException': com/sun/org/glassfish/hk2/osgiresourcelocator/ServiceLoader> (0x00000000a24935f0) thrown at [D:\re\workspace\8-2-build-windows-amd64-cygwin\jdk8u5\2488\hotspot\src\share\vm\classfile\systemDictionary.cpp, li
Event: 2.861 Thread 0x000000000252d000 Exception <a 'java/security/PrivilegedActionException'> (0x00000000a24d7648) thrown at [D:\re\workspace\8-2-build-windows-amd64-cygwin\jdk8u5\2488\hotspot\src\share\vm\prims\jvm.cpp, line 1248]
Event: 2.862 Thread 0x000000000252d000 Exception <a 'java/security/PrivilegedActionException'> (0x00000000a24e0e18) thrown at [D:\re\workspace\8-2-build-windows-amd64-cygwin\jdk8u5\2488\hotspot\src\share\vm\prims\jvm.cpp, line 1248]
Event: 2.862 Thread 0x000000000252d000 Exception <a 'java/security/PrivilegedActionException'> (0x00000000a24ede08) thrown at [D:\re\workspace\8-2-build-windows-amd64-cygwin\jdk8u5\2488\hotspot\src\share\vm\prims\jvm.cpp, line 1248]
Event: 2.863 Thread 0x000000000252d000 Exception <a 'java/security/PrivilegedActionException'> (0x00000000a24f75c8) thrown at [D:\re\workspace\8-2-build-windows-amd64-cygwin\jdk8u5\2488\hotspot\src\share\vm\prims\jvm.cpp, line 1248]
Event: 2.863 Thread 0x000000000252d000 Exception <a 'java/security/PrivilegedActionException'> (0x00000000a24fdcc0) thrown at [D:\re\workspace\8-2-build-windows-amd64-cygwin\jdk8u5\2488\hotspot\src\share\vm\prims\jvm.cpp, line 1248]
Event: 2.865 Thread 0x000000000252d000 Exception <a 'java/security/PrivilegedActionException'> (0x00000000a24074a0) thrown at [D:\re\workspace\8-2-build-windows-amd64-cygwin\jdk8u5\2488\hotspot\src\share\vm\prims\jvm.cpp, line 1248]
Event: 2.879 Thread 0x000000000252d000 Exception <a 'java/lang/ClassNotFoundException': com/sun/org/glassfish/hk2/osgiresourcelocator/ServiceLoader> (0x00000000a243a188) thrown at [D:\re\workspace\8-2-build-windows-amd64-cygwin\jdk8u5\2488\hotspot\src\share\vm\classfile\systemDictionary.cpp, liåÌ‰õ@
Event: 2.885 Thread 0x000000000252d000 Exception <a 'java/security/PrivilegedActionException'> (0x00000000a247e180) thrown at [D:\re\workspace\8-2-build-windows-amd64-cygwin\jdk8u5\2488\hotspot\src\share\vm\prims\jvm.cpp, line 1248]
Event: 2.885 Thread 0x000000000252d000 Exception <a 'java/security/PrivilegedActionException'> (0x00000000a2487970) thrown at [D:\re\workspace\8-2-build-windows-amd64-cygwin\jdk8u5\2488\hotspot\src\share\vm\prims\jvm.cpp, line 1248]

Events (10 events):
Event: 2.863 Executing VM operation: GenCollectForAllocation
Event: 2.865 Executing VM operation: GenCollectForAllocation done
Event: 2.872 Thread 0x000000000252d000 DEOPT PACKING pc=0x0000000002bb12cd sp=0x00000000027ed600
Event: 2.872 Thread 0x000000000252d000 DEOPT UNPACKING pc=0x0000000002837604 sp=0x00000000027ed3d0 mode 0
Event: 2.873 Executing VM operation: GenCollectForAllocation
Event: 2.874 Executing VM operation: GenCollectForAllocation done
Event: 2.879 loading class com/sun/org/glassfish/hk2/osgiresourcelocator/ServiceLoader
Event: 2.879 loading class com/sun/org/glassfish/hk2/osgiresourcelocator/ServiceLoader done
Event: 2.884 loading class java/lang/ObjectFactory
Event: 2.884 loading class java/lang/ObjectFactory done


Dynamic libraries:
0x000000013f150000 - 0x000000013f184000 	C:\altera_lite\15.1\quartus\bin64\jre64\bin\java.exe
0x0000000076e30000 - 0x0000000076fd9000 	C:\Windows\SYSTEM32\ntdll.dll
0x0000000076c10000 - 0x0000000076d2f000 	C:\Windows\system32\kernel32.dll
0x000007fefcec0000 - 0x000007fefcf2c000 	C:\Windows\system32\KERNELBASE.dll
0x000007fefd7c0000 - 0x000007fefd89b000 	C:\Windows\system32\ADVAPI32.dll
0x000007fefcfd0000 - 0x000007fefd06f000 	C:\Windows\system32\msvcrt.dll
0x000007fefda80000 - 0x000007fefda9f000 	C:\Windows\SYSTEM32\sechost.dll
0x000007fefefa0000 - 0x000007feff0cd000 	C:\Windows\system32\RPCRT4.dll
0x0000000076d30000 - 0x0000000076e2a000 	C:\Windows\system32\USER32.dll
0x000007feff0d0000 - 0x000007feff137000 	C:\Windows\system32\GDI32.dll
0x000007fefd7b0000 - 0x000007fefd7be000 	C:\Windows\system32\LPK.dll
0x000007fefd3f0000 - 0x000007fefd4b9000 	C:\Windows\system32\USP10.dll
0x000007fefb4e0000 - 0x000007fefb6d4000 	C:\Windows\WinSxS\amd64_microsoft.windows.common-controls_6595b64144ccf1df_6.0.7601.18837_none_fa3b1e3d17594757\COMCTL32.dll
0x000007fefd0a0000 - 0x000007fefd111000 	C:\Windows\system32\SHLWAPI.dll
0x000007fefcfa0000 - 0x000007fefcfce000 	C:\Windows\system32\IMM32.DLL
0x000007fefedc0000 - 0x000007fefeec9000 	C:\Windows\system32\MSCTF.dll
0x000000005b530000 - 0x000000005b602000 	C:\altera_lite\15.1\quartus\bin64\jre64\bin\msvcr100.dll
0x00000000589d0000 - 0x00000000591fa000 	C:\altera_lite\15.1\quartus\bin64\jre64\bin\server\jvm.dll
0x000007fef7d90000 - 0x000007fef7d99000 	C:\Windows\system32\WSOCK32.dll
0x000007fefeed0000 - 0x000007fefef1d000 	C:\Windows\system32\WS2_32.dll
0x000007fefd090000 - 0x000007fefd098000 	C:\Windows\system32\NSI.dll
0x000007fefa090000 - 0x000007fefa0cb000 	C:\Windows\system32\WINMM.dll
0x0000000076ff0000 - 0x0000000076ff7000 	C:\Windows\system32\PSAPI.DLL
0x00000000747c0000 - 0x00000000747cf000 	C:\altera_lite\15.1\quartus\bin64\jre64\bin\verify.dll
0x000000005ac00000 - 0x000000005ac28000 	C:\altera_lite\15.1\quartus\bin64\jre64\bin\java.dll
0x000000005fde0000 - 0x000000005fdf6000 	C:\altera_lite\15.1\quartus\bin64\jre64\bin\zip.dll
0x000007fefdd00000 - 0x000007fefea89000 	C:\Windows\system32\SHELL32.dll
0x000007fefd5a0000 - 0x000007fefd7a3000 	C:\Windows\system32\ole32.dll
0x000007fefcbf0000 - 0x000007fefcbff000 	C:\Windows\system32\profapi.dll

VM Arguments:
jvm_args: -Xmx1500M -XX:+UseSerialGC 
java_command: com.altera.sopcmodel.sbtools.sbcatalog.SbCatalog --xml --project-directory= --search-path=C:/Users/takahiro/Desktop/MIST32_MIST32ERS1/synth/de0-cv/,C:\Users\takahiro\Desktop\MIST32_MIST32ERS1\synth\de0-cv
java_class_path (initial): C:/altera_lite/15.1/quartus/sopc_builder/model/lib\Nlview.jar;C:/altera_lite/15.1/quartus/sopc_builder/model/lib\QuickServer.jar;C:/altera_lite/15.1/quartus/sopc_builder/model/lib\TableLayout.jar;C:/altera_lite/15.1/quartus/sopc_builder/model/lib\appframework-1.03.jar;C:/altera_lite/15.1/quartus/sopc_builder/model/lib\asm-3.1.jar;C:/altera_lite/15.1/quartus/sopc_builder/model/lib\asm-commons-3.1.jar;C:/altera_lite/15.1/quartus/sopc_builder/model/lib\basicmodel.jar;C:/altera_lite/15.1/quartus/sopc_builder/model/lib\beansbinding-1.2.1.jar;C:/altera_lite/15.1/quartus/sopc_builder/model/lib\binding-2.0.6.jar;C:/altera_lite/15.1/quartus/sopc_builder/model/lib\com.altera.componenteditor2.jar;C:/altera_lite/15.1/quartus/sopc_builder/model/lib\com.altera.embeddedsw.app_lib.jar;C:/altera_lite/15.1/quartus/sopc_builder/model/lib\com.altera.embeddedsw.bsp.editor.jar;C:/altera_lite/15.1/quartus/sopc_builder/model/lib\com.altera.embeddedsw.bsp.elements.jar;C:/altera_lite/15.1/quartus/sopc_builder/model/lib\com.altera.embeddedsw.bsp.jar;C:/altera_lite/15.1/quartus/sopc_builder/model/lib\com.altera.embeddedsw.bsp.plugin.core.jar;C:/altera_lite/15.1/quartus/sopc_builder/model/lib\com.altera.embeddedsw.bsp.plugin.hal.jar;C:/altera_lite/15.1/quartus/sopc_builder/model/lib\com.altera.embeddedsw.bsp.plugin.lwhal.jar;C:/altera_lite/15.1/quartus/sopc_builder/model/lib\com.altera.embeddedsw.bsp.schema.jar;C:/altera_lite/15.1/quartus/sopc_builder/model/lib\com.altera.embeddedsw.bsp.scripting.jar;C:/altera_lite/15.1/quartus/sopc_builder/model/lib\com.altera.embeddedsw.commandline.jar;C:/altera_lite/15.1/quartus/sopc_builder/model/lib\com.altera.embeddedsw.cpexample.jar;C:/altera_lite/15.1/quartus/sopc_builder/model/lib\com.altera.embeddedsw.flash.jar;C:/altera_lite/15.1/quartus/sopc_builder/model/lib\com.altera.embeddedsw.launch.jar;C:/altera_lite/15.1/quartus/sopc_builder/model/lib\com.altera.embeddedsw.swinfo.jar;C:/altera_lite/15.1/quartus/sopc_builder/model/
Launcher Type: SUN_STANDARD

Environment Variables:
PATH=C:/altera_lite/15.1/quartus/bin64;c:\altera_lite\15.1\quartus\bin64\;c:\altera_lite\15.1\quartus\bin64\;C:\ProgramData\Oracle\Java\javapath;C:\questasim64_10.0c\win64;C:\Program Files (x86)\JavaFX\javafx-sdk1.3\bin;C:\Program Files (x86)\JavaFX\javafx-sdk1.3\emulator\bin;C:\Windows\system32;C:\Windows;C:\Windows\System32\Wbem;C:\Windows\System32\WindowsPowerShell\v1.0\;C:\Program Files\TortoiseSVN\bin;C:\Program Files (x86)\IronRuby 1.0v4\bin;C:\Program Files\TortoiseGit\bin;C:\Program Files\Microsoft\Web Platform Installer\;c:\Program Files (x86)\Microsoft SQL Server\100\Tools\Binn\;c:\Program Files\Microsoft SQL Server\100\Tools\Binn\;c:\Program Files\Microsoft SQL Server\100\DTS\Binn\;C:\Program Files (x86)\GtkSharp\2.12\bin;C:\Aldec\ALINT-2012.12-x64;C:\Program Files\Sublime Text 3;C:\verilator;C:\altera_lite\15.1\quartus\bin;C:\Program Files (x86)\Skype\Phone\;C:\questasim64_10.0c\win64;C:\Program Files (x86)\Java\jdk1.6.0_25\bin;C:\iverilog\bin;C:\iverilog\gtkwave\bin
USERNAME=takahiro
OS=Windows_NT
PROCESSOR_IDENTIFIER=Intel64 Family 6 Model 42 Stepping 7, GenuineIntel



---------------  S Y S T E M  ---------------

OS: Windows 7 , 64 bit Build 7601 Service Pack 1

CPU:total 4 (2 cores per cpu, 2 threads per core) family 6 model 42 stepping 7, cmov, cx8, fxsr, mmx, sse, sse2, sse3, ssse3, sse4.1, sse4.2, popcnt, avx, aes, clmul, ht, tsc, tscinvbit

Memory: 4k page, physical 4102896k(378324k free), swap 4558180k(5120k free)

vm_info: Java HotSpot(TM) 64-Bit Server VM (25.5-b02) for windows-amd64 JRE (1.8.0_05-b13), built on Mar 18 2014 01:08:39 by "java_re" with MS VC++ 10.0 (VS2010)

time: Tue Dec 01 13:53:35 2015
elapsed time: 2 seconds

