#
# There is insufficient memory for the Java Runtime Environment to continue.
# Native memory allocation (malloc) failed to allocate 1786576 bytes for Chunk::new
# Possible reasons:
#   The system is out of physical RAM or swap space
#   In 32 bit mode, the process size limit was hit
# Possible solutions:
#   Reduce memory load on the system
#   Increase physical memory or swap space
#   Check if swap backing store is full
#   Use 64 bit Java on a 64 bit OS
#   Decrease Java heap size (-Xmx/-Xms)
#   Decrease number of Java threads
#   Decrease Java thread stack sizes (-Xss)
#   Set larger code cache with -XX:ReservedCodeCacheSize=
# This output file may be truncated or incomplete.
#
#  Out of Memory Error (allocation.cpp:388), pid=12200, tid=10756
#
# JRE version: Java(TM) SE Runtime Environment (8.0_05-b13) (build 1.8.0_05-b13)
# Java VM: Java HotSpot(TM) 64-Bit Server VM (25.5-b02 mixed mode windows-amd64 compressed oops)
# Failed to write core dump. Minidumps are not enabled by default on client versions of Windows
#

---------------  T H R E A D  ---------------

Current thread (0x0000000052bf7800):  JavaThread "C2 CompilerThread1" daemon [_thread_in_native, id=10756, stack(0x0000000053570000,0x0000000053670000)]

Stack: [0x0000000053570000,0x0000000053670000]
Native frames: (J=compiled Java code, j=interpreted, Vv=VM code, C=native code)
V  [jvm.dll+0x308dea]


Current CompileTask:
C2:   5552  884       4       com.sun.org.apache.xerces.internal.impl.XMLNSDocumentScannerImpl::scanStartElement (1015 bytes)


---------------  P R O C E S S  ---------------

Java Threads: ( => current thread )
  0x0000000052c3b000 JavaThread "Service Thread" daemon [_thread_blocked, id=10604, stack(0x0000000053910000,0x0000000053a10000)]
  0x0000000052bfd800 JavaThread "C1 CompilerThread2" daemon [_thread_in_native, id=11088, stack(0x0000000053760000,0x0000000053860000)]
=>0x0000000052bf7800 JavaThread "C2 CompilerThread1" daemon [_thread_in_native, id=10756, stack(0x0000000053570000,0x0000000053670000)]
  0x0000000052bf2000 JavaThread "C2 CompilerThread0" daemon [_thread_in_native, id=11716, stack(0x0000000053300000,0x0000000053400000)]
  0x0000000052bf0800 JavaThread "Attach Listener" daemon [_thread_blocked, id=10452, stack(0x0000000053200000,0x0000000053300000)]
  0x0000000052bed000 JavaThread "Signal Dispatcher" daemon [_thread_blocked, id=10340, stack(0x0000000053080000,0x0000000053180000)]
  0x0000000052b6e800 JavaThread "Finalizer" daemon [_thread_blocked, id=10744, stack(0x0000000002620000,0x0000000002720000)]
  0x0000000052b67800 JavaThread "Reference Handler" daemon [_thread_blocked, id=12140, stack(0x0000000052e50000,0x0000000052f50000)]
  0x000000000251d000 JavaThread "main" [_thread_in_Java, id=5868, stack(0x00000000028d0000,0x00000000029d0000)]

Other Threads:
  0x0000000052b60800 VMThread [stack: 0x0000000052cf0000,0x0000000052df0000] [id=8440]
  0x0000000052c59800 WatcherThread [stack: 0x0000000053ac0000,0x0000000053bc0000] [id=11828]

VM state:not at safepoint (normal execution)

VM Mutex/Monitor currently owned by a thread: None

Heap:
 def new generation   total 1152K, used 1035K [0x00000000a2400000, 0x00000000a2540000, 0x00000000c1800000)
  eden space 1024K,  88% used [0x00000000a2400000, 0x00000000a24e2e90, 0x00000000a2500000)
  from space 128K,  99% used [0x00000000a2520000, 0x00000000a253fff0, 0x00000000a2540000)
  to   space 128K,   0% used [0x00000000a2500000, 0x00000000a2500000, 0x00000000a2520000)
 tenured generation   total 64256K, used 12022K [0x00000000c1800000, 0x00000000c56c0000, 0x0000000100000000)
   the space 64256K,  18% used [0x00000000c1800000, 0x00000000c23bd9b0, 0x00000000c23bda00, 0x00000000c56c0000)
 Metaspace       used 8228K, capacity 8452K, committed 8704K, reserved 1056768K
  class space    used 901K, capacity 964K, committed 1024K, reserved 1048576K

Card table byte_map: [0x0000000011d90000,0x0000000012080000] byte_map_base: 0x000000001187e000

Polling page: 0x0000000000130000

CodeCache: size=245760Kb used=4074Kb max_used=4074Kb free=241685Kb
 bounds [0x00000000029d0000, 0x0000000002dd0000, 0x00000000119d0000]
 total_blobs=1353 nmethods=1044 adapters=223
 compilation: enabled

Compilation events (10 events):
Event: 5.489 Thread 0x0000000052bfd800 1053       2       com.altera.sopcmodel.util.CatalogCard::getTag2 (14 bytes)
Event: 5.490 Thread 0x0000000052bfd800 nmethod 1053 0x0000000002dc73d0 code [0x0000000002dc7540, 0x0000000002dc76e8]
Event: 5.490 Thread 0x0000000052bfd800 1054       2       com.google.common.collect.Maps::capacity (36 bytes)
Event: 5.490 Thread 0x0000000052bfd800 nmethod 1054 0x0000000002dc7790 code [0x0000000002dc7900, 0x0000000002dc7b48]
Event: 5.498 Thread 0x0000000052bfd800 1056       2       java.util.concurrent.locks.AbstractQueuedSynchronizer::release (33 bytes)
Event: 5.498 Thread 0x0000000052bfd800 nmethod 1056 0x0000000002dc7c50 code [0x0000000002dc7dc0, 0x0000000002dc7f98]
Event: 5.510 Thread 0x0000000052bfd800 1057       3       com.altera.utilities.altNode.AltNode::getChildren (314 bytes)
Event: 5.514 Thread 0x0000000052bfd800 nmethod 1057 0x0000000002dc8090 code [0x0000000002dc84a0, 0x0000000002dcaa68]
Event: 5.537 Thread 0x0000000052bfd800 1059       2       java.util.HashMap$KeyIterator::next (8 bytes)
Event: 5.538 Thread 0x0000000052bfd800 nmethod 1059 0x0000000002dcc6d0 code [0x0000000002dcc840, 0x0000000002dcc9c8]

GC Heap History (10 events):
Event: 5.458 GC heap before
{Heap before GC invocations=42 (full 0):
 def new generation   total 1152K, used 1152K [0x00000000a2400000, 0x00000000a2540000, 0x00000000c1800000)
  eden space 1024K, 100% used [0x00000000a2400000, 0x00000000a2500000, 0x00000000a2500000)
  from space 128K, 100% used [0x00000000a2500000, 0x00000000a2520000, 0x00000000a2520000)
  to   space 128K,   0% used [0x00000000a2520000, 0x00000000a2520000, 0x00000000a2540000)
 tenured generation   total 64256K, used 11299K [0x00000000c1800000, 0x00000000c56c0000, 0x0000000100000000)
   the space 64256K,  17% used [0x00000000c1800000, 0x00000000c2308ef0, 0x00000000c2309000, 0x00000000c56c0000)
 Metaspace       used 8225K, capacity 8452K, committed 8704K, reserved 1056768K
  class space    used 901K, capacity 964K, committed 1024K, reserved 1048576K
Event: 5.461 GC heap after
Heap after GC invocations=43 (full 0):
 def new generation   total 1152K, used 128K [0x00000000a2400000, 0x00000000a2540000, 0x00000000c1800000)
  eden space 1024K,   0% used [0x00000000a2400000, 0x00000000a2400000, 0x00000000a2500000)
  from space 128K, 100% used [0x00000000a2520000, 0x00000000a2540000, 0x00000000a2540000)
  to   space 128K,   0% used [0x00000000a2500000, 0x00000000a2500000, 0x00000000a2520000)
 tenured generation   total 64256K, used 11452K [0x00000000c1800000, 0x00000000c56c0000, 0x0000000100000000)
   the space 64256K,  17% used [0x00000000c1800000, 0x00000000c232f148, 0x00000000c232f200, 0x00000000c56c0000)
 Metaspace       used 8225K, capacity 8452K, committed 8704K, reserved 1056768K
  class space    used 901K, capacity 964K, committed 1024K, reserved 1048576K
}
Event: 5.487 GC heap before
{Heap before GC invocations=43 (full 0):
 def new generation   total 1152K, used 1149K [0x00000000a2400000, 0x00000000a2540000, 0x00000000c1800000)
  eden space 1024K,  99% used [0x00000000a2400000, 0x00000000a24ff598, 0x00000000a2500000)
  from space 128K, 100% used [0x00000000a2520000, 0x00000000a2540000, 0x00000000a2540000)
  to   space 128K,   0% used [0x00000000a2500000, 0x00000000a2500000, 0x00000000a2520000)
 tenured generation   total 64256K, used 11452K [0x00000000c1800000, 0x00000000c56c0000, 0x0000000100000000)
   the space 64256K,  17% used [0x00000000c1800000, 0x00000000c232f148, 0x00000000c232f200, 0x00000000c56c0000)
 Metaspace       used 8227K, capacity 8452K, committed 8704K, reserved 1056768K
  class space    used 901K, capacity 964K, committed 1024K, reserved 1048576K
Event: 5.489 GC heap after
Heap after GC invocations=44 (full 0):
 def new generation   total 1152K, used 127K [0x00000000a2400000, 0x00000000a2540000, 0x00000000c1800000)
  eden space 1024K,   0% used [0x00000000a2400000, 0x00000000a2400000, 0x00000000a2500000)
  from space 128K,  99% used [0x00000000a2500000, 0x00000000a251fff8, 0x00000000a2520000)
  to   space 128K,   0% used [0x00000000a2520000, 0x00000000a2520000, 0x00000000a2540000)
 tenured generation   total 64256K, used 11598K [0x00000000c1800000, 0x00000000c56c0000, 0x0000000100000000)
   the space 64256K,  18% used [0x00000000c1800000, 0x00000000c2353850, 0x00000000c2353a00, 0x00000000c56c0000)
 Metaspace       used 8227K, capacity 8452K, committed 8704K, reserved 1056768K
  class space    used 901K, capacity 964K, committed 1024K, reserved 1048576K
}
Event: 5.506 GC heap before
{Heap before GC invocations=44 (full 0):
 def new generation   total 1152K, used 1151K [0x00000000a2400000, 0x00000000a2540000, 0x00000000c1800000)
  eden space 1024K, 100% used [0x00000000a2400000, 0x00000000a2500000, 0x00000000a2500000)
  from space 128K,  99% used [0x00000000a2500000, 0x00000000a251fff8, 0x00000000a2520000)
  to   space 128K,   0% used [0x00000000a2520000, 0x00000000a2520000, 0x00000000a2540000)
 tenured generation   total 64256K, used 11598K [0x00000000c1800000, 0x00000000c56c0000, 0x0000000100000000)
   the space 64256K,  18% used [0x00000000c1800000, 0x00000000c2353850, 0x00000000c2353a00, 0x00000000c56c0000)
 Metaspace       used 8227K, capacity 8452K, committed 8704K, reserved 1056768K
  class space    used 901K, capacity 964K, committed 1024K, reserved 1048576K
Event: 5.508 GC heap after
Heap after GC invocations=45 (full 0):
 def new generation   total 1152K, used 127K [0x00000000a2400000, 0x00000000a2540000, 0x00000000c1800000)
  eden space 1024K,   0% used [0x00000000a2400000, 0x00000000a2400000, 0x00000000a2500000)
  from space 128K,  99% used [0x00000000a2520000, 0x00000000a253fff8, 0x00000000a2540000)
  to   space 128K,   0% used [0x00000000a2500000, 0x00000000a2500000, 0x00000000a2520000)
 tenured generation   total 64256K, used 11742K [0x00000000c1800000, 0x00000000c56c0000, 0x0000000100000000)
   the space 64256K,  18% used [0x00000000c1800000, 0x00000000c2377b68, 0x00000000c2377c00, 0x00000000c56c0000)
 Metaspace       used 8227K, capacity 8452K, committed 8704K, reserved 1056768K
  class space    used 901K, capacity 964K, committed 1024K, reserved 1048576K
}
Event: 5.522 GC heap before
{Heap before GC invocations=45 (full 0):
 def new generation   total 1152K, used 1151K [0x00000000a2400000, 0x00000000a2540000, 0x00000000c1800000)
  eden space 1024K, 100% used [0x00000000a2400000, 0x00000000a2500000, 0x00000000a2500000)
  from space 128K,  99% used [0x00000000a2520000, 0x00000000a253fff8, 0x00000000a2540000)
  to   space 128K,   0% used [0x00000000a2500000, 0x00000000a2500000, 0x00000000a2520000)
 tenured generation   total 64256K, used 11742K [0x00000000c1800000, 0x00000000c56c0000, 0x0000000100000000)
   the space 64256K,  18% used [0x00000000c1800000, 0x00000000c2377b68, 0x00000000c2377c00, 0x00000000c56c0000)
 Metaspace       used 8227K, capacity 8452K, committed 8704K, reserved 1056768K
  class space    used 901K, capacity 964K, committed 1024K, reserved 1048576K
Event: 5.524 GC heap after
Heap after GC invocations=46 (full 0):
 def new generation   total 1152K, used 128K [0x00000000a2400000, 0x00000000a2540000, 0x00000000c1800000)
  eden space 1024K,   0% used [0x00000000a2400000, 0x00000000a2400000, 0x00000000a2500000)
  from space 128K, 100% used [0x00000000a2500000, 0x00000000a2520000, 0x00000000a2520000)
  to   space 128K,   0% used [0x00000000a2520000, 0x00000000a2520000, 0x00000000a2540000)
 tenured generation   total 64256K, used 11887K [0x00000000c1800000, 0x00000000c56c0000, 0x0000000100000000)
   the space 64256K,  18% used [0x00000000c1800000, 0x00000000c239bc00, 0x00000000c239bc00, 0x00000000c56c0000)
 Metaspace       used 8227K, capacity 8452K, committed 8704K, reserved 1056768K
  class space    used 901K, capacity 964K, committed 1024K, reserved 1048576K
}
Event: 5.535 GC heap before
{Heap before GC invocations=46 (full 0):
 def new generation   total 1152K, used 1152K [0x00000000a2400000, 0x00000000a2540000, 0x00000000c1800000)
  eden space 1024K, 100% used [0x00000000a2400000, 0x00000000a2500000, 0x00000000a2500000)
  from space 128K, 100% used [0x00000000a2500000, 0x00000000a2520000, 0x00000000a2520000)
  to   space 128K,   0% used [0x00000000a2520000, 0x00000000a2520000, 0x00000000a2540000)
 tenured generation   total 64256K, used 11887K [0x00000000c1800000, 0x00000000c56c0000, 0x0000000100000000)
   the space 64256K,  18% used [0x00000000c1800000, 0x00000000c239bc00, 0x00000000c239bc00, 0x00000000c56c0000)
 Metaspace       used 8227K, capacity 8452K, committed 8704K, reserved 1056768K
  class space    used 901K, capacity 964K, committed 1024K, reserved 1048576K
Event: 5.537 GC heap after
Heap after GC invocations=47 (full 0):
 def new generation   total 1152K, used 127K [0x00000000a2400000, 0x00000000a2540000, 0x00000000c1800000)
  eden space 1024K,   0% used [0x00000000a2400000, 0x00000000a2400000, 0x00000000a2500000)
  from space 128K,  99% used [0x00000000a2520000, 0x00000000a253fff0, 0x00000000a2540000)
  to   space 128K,   0% used [0x00000000a2500000, 0x00000000a2500000, 0x00000000a2520000)
 tenured generation   total 64256K, used 12022K [0x00000000c1800000, 0x00000000c56c0000, 0x0000000100000000)
   the space 64256K,  18% used [0x00000000c1800000, 0x00000000c23bd9b0, 0x00000000c23bda00, 0x00000000c56c0000)
 Metaspace       used 8227K, capacity 8452K, committed 8704K, reserved 1056768K
  class space    used 901K, capacity 964K, committed 1024K, reserved 1048576K
}

Deoptimization events (2 events):
Event: 4.339 Thread 0x000000000251d000 Uncommon trap: reason=unloaded action=reinterpret pc=0x0000000002be1cac method=sun.misc.URLClassPath$JarLoader.getResource(Ljava/lang/String;Z)Lsun/misc/Resource; @ 67
Event: 4.745 Thread 0x000000000251d000 Uncommon trap: reason=unreached action=reinterpret pc=0x0000000002ba3ecc method=java.lang.AbstractStringBuilder.append(Ljava/lang/String;)Ljava/lang/AbstractStringBuilder; @ 1

Internal exceptions (10 events):
Event: 5.409 Thread 0x000000000251d000 Exception <a 'java/lang/ClassNotFoundException': > (0x00000000a24a8358) thrown at [D:\re\workspace\8-2-build-windows-amd64-cygwin\jdk8u5\2488\hotspot\src\share\vm\prims\jni.cpp, line 742]
Event: 5.410 Thread 0x000000000251d000 Exception <a 'java/lang/ClassNotFoundException': > (0x00000000a24ae098) thrown at [D:\re\workspace\8-2-build-windows-amd64-cygwin\jdk8u5\2488\hotspot\src\share\vm\prims\jni.cpp, line 742]
Event: 5.410 Thread 0x000000000251d000 Exception <a 'java/security/PrivilegedActionException'> (0x00000000a24b34b8) thrown at [D:\re\workspace\8-2-build-windows-amd64-cygwin\jdk8u5\2488\hotspot\src\share\vm\prims\jvm.cpp, line 1248]
Event: 5.416 Thread 0x000000000251d000 Exception <a 'java/lang/ClassNotFoundException': > (0x00000000a24cd2a8) thrown at [D:\re\workspace\8-2-build-windows-amd64-cygwin\jdk8u5\2488\hotspot\src\share\vm\prims\jni.cpp, line 742]
Event: 5.420 Thread 0x000000000251d000 Exception <a 'java/lang/ClassNotFoundException': > (0x00000000a24f7ac8) thrown at [D:\re\workspace\8-2-build-windows-amd64-cygwin\jdk8u5\2488\hotspot\src\share\vm\prims\jni.cpp, line 742]
Event: 5.441 Thread 0x000000000251d000 Exception <a 'java/lang/ClassNotFoundException': > (0x00000000a24418d8) thrown at [D:\re\workspace\8-2-build-windows-amd64-cygwin\jdk8u5\2488\hotspot\src\share\vm\prims\jni.cpp, line 742]
Event: 5.484 Thread 0x000000000251d000 Exception <a 'java/lang/ClassNotFoundException': > (0x00000000a24ca770) thrown at [D:\re\workspace\8-2-build-windows-amd64-cygwin\jdk8u5\2488\hotspot\src\share\vm\prims\jni.cpp, line 742]
Event: 5.499 Thread 0x000000000251d000 Exception <a 'java/lang/ClassNotFoundException': > (0x00000000a2487408) thrown at [D:\re\workspace\8-2-build-windows-amd64-cygwin\jdk8u5\2488\hotspot\src\share\vm\prims\jni.cpp, line 742]
Event: 5.509 Thread 0x000000000251d000 Exception <a 'java/lang/ClassNotFoundException': > (0x00000000a240c718) thrown at [D:\re\workspace\8-2-build-windows-amd64-cygwin\jdk8u5\2488\hotspot\src\share\vm\prims\jni.cpp, line 742]
Event: 5.540 Thread 0x000000000251d000 Exception <a 'java/lang/ClassNotFoundException': > (0x00000000a24379c0) thrown at [D:\re\workspace\8-2-build-windows-amd64-cygwin\jdk8u5\2488\hotspot\src\share\vm\prims\jni.cpp, line 742]

Events (10 events):
Event: 5.487 Executing VM operation: GenCollectForAllocation
Event: 5.489 Executing VM operation: GenCollectForAllocation done
Event: 5.506 Executing VM operation: GenCollectForAllocation
Event: 5.508 Executing VM operation: GenCollectForAllocation done
Event: 5.513 Thread 0x000000000251d000 DEOPT PACKING pc=0x0000000002d5b16d sp=0x00000000029ce550
Event: 5.513 Thread 0x000000000251d000 DEOPT UNPACKING pc=0x0000000002a17604 sp=0x00000000029ce318 mode 0
Event: 5.522 Executing VM operation: GenCollectForAllocation
Event: 5.524 Executing VM operation: GenCollectForAllocation done
Event: 5.535 Executing VM operation: GenCollectForAllocation
Event: 5.537 Executing VM operation: GenCollectForAllocation done


Dynamic libraries:
0x000000013f9a0000 - 0x000000013f9d4000 	C:\altera_lite\15.1\quartus\bin64\jre64\bin\java.exe
0x0000000076e30000 - 0x0000000076fd9000 	C:\Windows\SYSTEM32\ntdll.dll
0x0000000076c10000 - 0x0000000076d2f000 	C:\Windows\system32\kernel32.dll
0x000007fefcec0000 - 0x000007fefcf2c000 	C:\Windows\system32\KERNELBASE.dll
0x000007fefd7c0000 - 0x000007fefd89b000 	C:\Windows\system32\ADVAPI32.dll
0x000007fefcfd0000 - 0x000007fefd06f000 	C:\Windows\system32\msvcrt.dll
0x000007fefda80000 - 0x000007fefda9f000 	C:\Windows\SYSTEM32\sechost.dll
0x000007fefefa0000 - 0x000007feff0cd000 	C:\Windows\system32\RPCRT4.dll
0x0000000076d30000 - 0x0000000076e2a000 	C:\Windows\system32\USER32.dll
0x000007feff0d0000 - 0x000007feff137000 	C:\Windows\system32\GDI32.dll
0x000007fefd7b0000 - 0x000007fefd7be000 	C:\Windows\system32\LPK.dll
0x000007fefd3f0000 - 0x000007fefd4b9000 	C:\Windows\system32\USP10.dll
0x000007fefb4e0000 - 0x000007fefb6d4000 	C:\Windows\WinSxS\amd64_microsoft.windows.common-controls_6595b64144ccf1df_6.0.7601.18837_none_fa3b1e3d17594757\COMCTL32.dll
0x000007fefd0a0000 - 0x000007fefd111000 	C:\Windows\system32\SHLWAPI.dll
0x000007fefcfa0000 - 0x000007fefcfce000 	C:\Windows\system32\IMM32.DLL
0x000007fefedc0000 - 0x000007fefeec9000 	C:\Windows\system32\MSCTF.dll
0x000000005b530000 - 0x000000005b602000 	C:\altera_lite\15.1\quartus\bin64\jre64\bin\msvcr100.dll
0x00000000589d0000 - 0x00000000591fa000 	C:\altera_lite\15.1\quartus\bin64\jre64\bin\server\jvm.dll
0x000007fef7d90000 - 0x000007fef7d99000 	C:\Windows\system32\WSOCK32.dll
0x000007fefeed0000 - 0x000007fefef1d000 	C:\Windows\system32\WS2_32.dll
0x000007fefd090000 - 0x000007fefd098000 	C:\Windows\system32\NSI.dll
0x000007fefa090000 - 0x000007fefa0cb000 	C:\Windows\system32\WINMM.dll
0x0000000076ff0000 - 0x0000000076ff7000 	C:\Windows\system32\PSAPI.DLL
0x00000000747c0000 - 0x00000000747cf000 	C:\altera_lite\15.1\quartus\bin64\jre64\bin\verify.dll
0x000000005ac00000 - 0x000000005ac28000 	C:\altera_lite\15.1\quartus\bin64\jre64\bin\java.dll
0x000000005fde0000 - 0x000000005fdf6000 	C:\altera_lite\15.1\quartus\bin64\jre64\bin\zip.dll
0x000007fefdd00000 - 0x000007fefea89000 	C:\Windows\system32\SHELL32.dll
0x000007fefd5a0000 - 0x000007fefd7a3000 	C:\Windows\system32\ole32.dll
0x000007fefcbf0000 - 0x000007fefcbff000 	C:\Windows\system32\profapi.dll

VM Arguments:
jvm_args: -Xmx1500M -XX:+UseSerialGC 
java_command: com.altera.sopcmodel.sbtools.sbcatalog.SbCatalog --xml --project-directory= --search-path=$,C:\Users\takahiro\Desktop\MIST32_MIST32ERS1\synth\de0-cv,C:\Users\takahiro\Desktop\MIST32_MIST32ERS1\synth\de0-cv
java_class_path (initial): C:/altera_lite/15.1/quartus/sopc_builder/model/lib\Nlview.jar;C:/altera_lite/15.1/quartus/sopc_builder/model/lib\QuickServer.jar;C:/altera_lite/15.1/quartus/sopc_builder/model/lib\TableLayout.jar;C:/altera_lite/15.1/quartus/sopc_builder/model/lib\appframework-1.03.jar;C:/altera_lite/15.1/quartus/sopc_builder/model/lib\asm-3.1.jar;C:/altera_lite/15.1/quartus/sopc_builder/model/lib\asm-commons-3.1.jar;C:/altera_lite/15.1/quartus/sopc_builder/model/lib\basicmodel.jar;C:/altera_lite/15.1/quartus/sopc_builder/model/lib\beansbinding-1.2.1.jar;C:/altera_lite/15.1/quartus/sopc_builder/model/lib\binding-2.0.6.jar;C:/altera_lite/15.1/quartus/sopc_builder/model/lib\com.altera.componenteditor2.jar;C:/altera_lite/15.1/quartus/sopc_builder/model/lib\com.altera.embeddedsw.app_lib.jar;C:/altera_lite/15.1/quartus/sopc_builder/model/lib\com.altera.embeddedsw.bsp.editor.jar;C:/altera_lite/15.1/quartus/sopc_builder/model/lib\com.altera.embeddedsw.bsp.elements.jar;C:/altera_lite/15.1/quartus/sopc_builder/model/lib\com.altera.embeddedsw.bsp.jar;C:/altera_lite/15.1/quartus/sopc_builder/model/lib\com.altera.embeddedsw.bsp.plugin.core.jar;C:/altera_lite/15.1/quartus/sopc_builder/model/lib\com.altera.embeddedsw.bsp.plugin.hal.jar;C:/altera_lite/15.1/quartus/sopc_builder/model/lib\com.altera.embeddedsw.bsp.plugin.lwhal.jar;C:/altera_lite/15.1/quartus/sopc_builder/model/lib\com.altera.embeddedsw.bsp.schema.jar;C:/altera_lite/15.1/quartus/sopc_builder/model/lib\com.altera.embeddedsw.bsp.scripting.jar;C:/altera_lite/15.1/quartus/sopc_builder/model/lib\com.altera.embeddedsw.commandline.jar;C:/altera_lite/15.1/quartus/sopc_builder/model/lib\com.altera.embeddedsw.cpexample.jar;C:/altera_lite/15.1/quartus/sopc_builder/model/lib\com.altera.embeddedsw.flash.jar;C:/altera_lite/15.1/quartus/sopc_builder/model/lib\com.altera.embeddedsw.launch.jar;C:/altera_lite/15.1/quartus/sopc_builder/model/lib\com.altera.embeddedsw.swinfo.jar;C:/altera_lite/15.1/quartus/sopc_builder/model/
Launcher Type: SUN_STANDARD

Environment Variables:
PATH=C:/altera_lite/15.1/quartus/bin64;c:\altera_lite\15.1\quartus\bin64\;c:\altera_lite\15.1\quartus\bin64\;C:\ProgramData\Oracle\Java\javapath;C:\questasim64_10.0c\win64;C:\Program Files (x86)\JavaFX\javafx-sdk1.3\bin;C:\Program Files (x86)\JavaFX\javafx-sdk1.3\emulator\bin;C:\Windows\system32;C:\Windows;C:\Windows\System32\Wbem;C:\Windows\System32\WindowsPowerShell\v1.0\;C:\Program Files\TortoiseSVN\bin;C:\Program Files (x86)\IronRuby 1.0v4\bin;C:\Program Files\TortoiseGit\bin;C:\Program Files\Microsoft\Web Platform Installer\;c:\Program Files (x86)\Microsoft SQL Server\100\Tools\Binn\;c:\Program Files\Microsoft SQL Server\100\Tools\Binn\;c:\Program Files\Microsoft SQL Server\100\DTS\Binn\;C:\Program Files (x86)\GtkSharp\2.12\bin;C:\Aldec\ALINT-2012.12-x64;C:\Program Files\Sublime Text 3;C:\verilator;C:\altera_lite\15.1\quartus\bin;C:\Program Files (x86)\Skype\Phone\;C:\questasim64_10.0c\win64;C:\Program Files (x86)\Java\jdk1.6.0_25\bin;C:\iverilog\bin;C:\iverilog\gtkwave\bin
USERNAME=takahiro
OS=Windows_NT
PROCESSOR_IDENTIFIER=Intel64 Family 6 Model 42 Stepping 7, GenuineIntel



---------------  S Y S T E M  ---------------

OS: Windows 7 , 64 bit Build 7601 Service Pack 1

CPU:total 4 (2 cores per cpu, 2 threads per core) family 6 model 42 stepping 7, cmov, cx8, fxsr, mmx, sse, sse2, sse3, ssse3, sse4.1, sse4.2, popcnt, avx, aes, clmul, ht, tsc, tscinvbit

Memory: 4k page, physical 4102896k(376344k free), swap 4558180k(5108k free)

vm_info: Java HotSpot(TM) 64-Bit Server VM (25.5-b02) for windows-amd64 JRE (1.8.0_05-b13), built on Mar 18 2014 01:08:39 by "java_re" with MS VC++ 10.0 (VS2010)

time: Tue Dec 01 13:53:32 2015
elapsed time: 5 seconds

