#
# There is insufficient memory for the Java Runtime Environment to continue.
# Native memory allocation (malloc) failed to allocate 177616 bytes for Chunk::new
# Possible reasons:
#   The system is out of physical RAM or swap space
#   In 32 bit mode, the process size limit was hit
# Possible solutions:
#   Reduce memory load on the system
#   Increase physical memory or swap space
#   Check if swap backing store is full
#   Use 64 bit Java on a 64 bit OS
#   Decrease Java heap size (-Xmx/-Xms)
#   Decrease number of Java threads
#   Decrease Java thread stack sizes (-Xss)
#   Set larger code cache with -XX:ReservedCodeCacheSize=
# This output file may be truncated or incomplete.
#
#  Out of Memory Error (allocation.cpp:388), pid=11088, tid=11872
#
# JRE version: Java(TM) SE Runtime Environment (8.0_05-b13) (build 1.8.0_05-b13)
# Java VM: Java HotSpot(TM) 64-Bit Server VM (25.5-b02 mixed mode windows-amd64 compressed oops)
# Failed to write core dump. Minidumps are not enabled by default on client versions of Windows
#

---------------  T H R E A D  ---------------

Current thread (0x0000000052a86800):  JavaThread "C2 CompilerThread1" daemon [_thread_in_native, id=11872, stack(0x0000000053380000,0x0000000053480000)]

Stack: [0x0000000053380000,0x0000000053480000]
[error occurred during error reporting (printing stack bounds), id 0xc0000005]

Native frames: (J=compiled Java code, j=interpreted, Vv=VM code, C=native code)
V  [jvm.dll+0x308dea]
V  [jvm.dll+0x25def1]
V  [jvm.dll+0x25eb0f]
V  [jvm.dll+0x277136]
V  [jvm.dll+0x27aca3]
V  [jvm.dll+0x59668f]
C  [msvcr100.dll+0x712e3]
V  [jvm.dll+0x595dad]
C  [ntdll.dll+0x291ad]
C  [ntdll.dll+0x18baf]
C  [ntdll.dll+0x4db38]
V  [jvm.dll+0x1fdd91]


Current CompileTask:
C2:   3509  373  s!   4       sun.misc.URLClassPath::getLoader (154 bytes)


---------------  P R O C E S S  ---------------

Java Threads: ( => current thread )
  0x0000000052abf000 JavaThread "Service Thread" daemon [_thread_blocked, id=12148, stack(0x0000000052b40000,0x0000000052c40000)]
  0x0000000052a88800 JavaThread "C1 CompilerThread2" daemon [_thread_blocked, id=12172, stack(0x0000000053530000,0x0000000053630000)]
=>0x0000000052a86800 JavaThread "C2 CompilerThread1" daemon [_thread_in_native, id=11872, stack(0x0000000053380000,0x0000000053480000)]
  0x0000000052a81000 JavaThread "C2 CompilerThread0" daemon [_thread_in_native, id=11220, stack(0x00000000530e0000,0x00000000531e0000)]
  0x0000000052a7f800 JavaThread "Attach Listener" daemon [_thread_blocked, id=10636, stack(0x0000000053210000,0x0000000053310000)]
  0x0000000052a7e000 JavaThread "Signal Dispatcher" daemon [_thread_blocked, id=11764, stack(0x0000000052fc0000,0x00000000530c0000)]
  0x00000000529f9000 JavaThread "Finalizer" daemon [_thread_blocked, id=11360, stack(0x0000000052e10000,0x0000000052f10000)]
  0x00000000529f7800 JavaThread "Reference Handler" daemon [_thread_blocked, id=12000, stack(0x0000000002580000,0x0000000002680000)]
  0x000000000240d000 JavaThread "main" [_thread_in_vm, id=9268, stack(0x0000000002760000,0x0000000002860000)]

Other Threads:
  0x00000000529f0800 VMThread [stack: 0x0000000052c60000,0x0000000052d60000] [id=12100]
  0x0000000052acc800 WatcherThread [stack: 0x00000000537c0000,0x00000000538c0000] [id=4084]

VM state:not at safepoint (normal execution)

VM Mutex/Monitor currently owned by a thread: None

Heap:
 def new generation   total 1152K, used 1084K [0x00000000a2400000, 0x00000000a2540000, 0x00000000c1800000)
  eden space 1024K,  93% used [0x00000000a2400000, 0x00000000a24ef2c0, 0x00000000a2500000)
  from space 128K,  99% used [0x00000000a2520000, 0x00000000a253feb8, 0x00000000a2540000)
  to   space 128K,   0% used [0x00000000a2500000, 0x00000000a2500000, 0x00000000a2520000)
 tenured generation   total 64256K, used 2131K [0x00000000c1800000, 0x00000000c56c0000, 0x0000000100000000)
   the space 64256K,   3% used [0x00000000c1800000, 0x00000000c1a14e30, 0x00000000c1a15000, 0x00000000c56c0000)
 Metaspace       used 4905K, capacity 5380K, committed 5504K, reserved 1056768K
  class space    used 536K, capacity 564K, committed 640K, reserved 1048576K

Card table byte_map: [0x0000000011c20000,0x0000000011f10000] byte_map_base: 0x000000001170e000

Polling page: 0x0000000000330000

CodeCache: size=245760Kb used=2132Kb max_used=2132Kb free=243627Kb
 bounds [0x0000000002860000, 0x0000000002ad0000, 0x0000000011860000]
 total_blobs=682 nmethods=412 adapters=184
 compilation: enabled

Compilation events (10 events):
Event: 3.462 Thread 0x0000000052a88800  389       1       java.security.CodeSource::getLocation (5 bytes)
Event: 3.462 Thread 0x0000000052a88800 nmethod 389 0x0000000002a59fd0 code [0x0000000002a5a120, 0x0000000002a5a230]
Event: 3.462 Thread 0x0000000052a88800  390  s    3       java.lang.Throwable::fillInStackTrace (29 bytes)
Event: 3.463 Thread 0x0000000052a88800 nmethod 390 0x0000000002a655d0 code [0x0000000002a65740, 0x0000000002a65ae8]
Event: 3.464 Thread 0x0000000052a88800  392       3       java.net.URL::toString (5 bytes)
Event: 3.464 Thread 0x0000000052a88800 nmethod 392 0x0000000002a59710 code [0x0000000002a59880, 0x0000000002a59ae8]
Event: 3.464 Thread 0x0000000052a88800  393       3       java.net.URL::toExternalForm (9 bytes)
Event: 3.464 Thread 0x0000000052a88800 nmethod 393 0x0000000002a65b90 code [0x0000000002a65d00, 0x0000000002a65ea8]
Event: 3.464 Thread 0x0000000052a88800  394       3       java.net.URLStreamHandler::toExternalForm (219 bytes)
Event: 3.468 Thread 0x0000000052a88800 nmethod 394 0x0000000002a65f50 code [0x0000000002a66280, 0x0000000002a694f8]

GC Heap History (10 events):
Event: 2.111 GC heap before
{Heap before GC invocations=3 (full 0):
 def new generation   total 1152K, used 1152K [0x00000000a2400000, 0x00000000a2540000, 0x00000000c1800000)
  eden space 1024K, 100% used [0x00000000a2400000, 0x00000000a2500000, 0x00000000a2500000)
  from space 128K, 100% used [0x00000000a2520000, 0x00000000a2540000, 0x00000000a2540000)
  to   space 128K,   0% used [0x00000000a2500000, 0x00000000a2500000, 0x00000000a2520000)
 tenured generation   total 64256K, used 1088K [0x00000000c1800000, 0x00000000c56c0000, 0x0000000100000000)
   the space 64256K,   1% used [0x00000000c1800000, 0x00000000c1910210, 0x00000000c1910400, 0x00000000c56c0000)
 Metaspace       used 3006K, capacity 4592K, committed 4864K, reserved 1056768K
  class space    used 322K, capacity 424K, committed 512K, reserved 1048576K
Event: 2.113 GC heap after
Heap after GC invocations=4 (full 0):
 def new generation   total 1152K, used 128K [0x00000000a2400000, 0x00000000a2540000, 0x00000000c1800000)
  eden space 1024K,   0% used [0x00000000a2400000, 0x00000000a2400000, 0x00000000a2500000)
  from space 128K, 100% used [0x00000000a2500000, 0x00000000a2520000, 0x00000000a2520000)
  to   space 128K,   0% used [0x00000000a2520000, 0x00000000a2520000, 0x00000000a2540000)
 tenured generation   total 64256K, used 1311K [0x00000000c1800000, 0x00000000c56c0000, 0x0000000100000000)
   the space 64256K,   2% used [0x00000000c1800000, 0x00000000c1947cf0, 0x00000000c1947e00, 0x00000000c56c0000)
 Metaspace       used 3006K, capacity 4592K, committed 4864K, reserved 1056768K
  class space    used 322K, capacity 424K, committed 512K, reserved 1048576K
}
Event: 2.634 GC heap before
{Heap before GC invocations=4 (full 0):
 def new generation   total 1152K, used 1152K [0x00000000a2400000, 0x00000000a2540000, 0x00000000c1800000)
  eden space 1024K, 100% used [0x00000000a2400000, 0x00000000a2500000, 0x00000000a2500000)
  from space 128K, 100% used [0x00000000a2500000, 0x00000000a2520000, 0x00000000a2520000)
  to   space 128K,   0% used [0x00000000a2520000, 0x00000000a2520000, 0x00000000a2540000)
 tenured generation   total 64256K, used 1311K [0x00000000c1800000, 0x00000000c56c0000, 0x0000000100000000)
   the space 64256K,   2% used [0x00000000c1800000, 0x00000000c1947cf0, 0x00000000c1947e00, 0x00000000c56c0000)
 Metaspace       used 3565K, capacity 4720K, committed 4864K, reserved 1056768K
  class space    used 384K, capacity 424K, committed 512K, reserved 1048576K
Event: 2.635 GC heap after
Heap after GC invocations=5 (full 0):
 def new generation   total 1152K, used 127K [0x00000000a2400000, 0x00000000a2540000, 0x00000000c1800000)
  eden space 1024K,   0% used [0x00000000a2400000, 0x00000000a2400000, 0x00000000a2500000)
  from space 128K,  99% used [0x00000000a2520000, 0x00000000a253fff8, 0x00000000a2540000)
  to   space 128K,   0% used [0x00000000a2500000, 0x00000000a2500000, 0x00000000a2520000)
 tenured generation   total 64256K, used 1494K [0x00000000c1800000, 0x00000000c56c0000, 0x0000000100000000)
   the space 64256K,   2% used [0x00000000c1800000, 0x00000000c1975958, 0x00000000c1975a00, 0x00000000c56c0000)
 Metaspace       used 3565K, capacity 4720K, committed 4864K, reserved 1056768K
  class space    used 384K, capacity 424K, committed 512K, reserved 1048576K
}
Event: 3.342 GC heap before
{Heap before GC invocations=5 (full 0):
 def new generation   total 1152K, used 1151K [0x00000000a2400000, 0x00000000a2540000, 0x00000000c1800000)
  eden space 1024K, 100% used [0x00000000a2400000, 0x00000000a2500000, 0x00000000a2500000)
  from space 128K,  99% used [0x00000000a2520000, 0x00000000a253fff8, 0x00000000a2540000)
  to   space 128K,   0% used [0x00000000a2500000, 0x00000000a2500000, 0x00000000a2520000)
 tenured generation   total 64256K, used 1494K [0x00000000c1800000, 0x00000000c56c0000, 0x0000000100000000)
   the space 64256K,   2% used [0x00000000c1800000, 0x00000000c1975958, 0x00000000c1975a00, 0x00000000c56c0000)
 Metaspace       used 3713K, capacity 4722K, committed 4864K, reserved 1056768K
  class space    used 400K, capacity 426K, committed 512K, reserved 1048576K
Event: 3.344 GC heap after
Heap after GC invocations=6 (full 0):
 def new generation   total 1152K, used 127K [0x00000000a2400000, 0x00000000a2540000, 0x00000000c1800000)
  eden space 1024K,   0% used [0x00000000a2400000, 0x00000000a2400000, 0x00000000a2500000)
  from space 128K,  99% used [0x00000000a2500000, 0x00000000a251fff8, 0x00000000a2520000)
  to   space 128K,   0% used [0x00000000a2520000, 0x00000000a2520000, 0x00000000a2540000)
 tenured generation   total 64256K, used 1693K [0x00000000c1800000, 0x00000000c56c0000, 0x0000000100000000)
   the space 64256K,   2% used [0x00000000c1800000, 0x00000000c19a76a0, 0x00000000c19a7800, 0x00000000c56c0000)
 Metaspace       used 3713K, capacity 4722K, committed 4864K, reserved 1056768K
  class space    used 400K, capacity 426K, committed 512K, reserved 1048576K
}
Event: 3.397 GC heap before
{Heap before GC invocations=6 (full 0):
 def new generation   total 1152K, used 1151K [0x00000000a2400000, 0x00000000a2540000, 0x00000000c1800000)
  eden space 1024K, 100% used [0x00000000a2400000, 0x00000000a2500000, 0x00000000a2500000)
  from space 128K,  99% used [0x00000000a2500000, 0x00000000a251fff8, 0x00000000a2520000)
  to   space 128K,   0% used [0x00000000a2520000, 0x00000000a2520000, 0x00000000a2540000)
 tenured generation   total 64256K, used 1693K [0x00000000c1800000, 0x00000000c56c0000, 0x0000000100000000)
   the space 64256K,   2% used [0x00000000c1800000, 0x00000000c19a76a0, 0x00000000c19a7800, 0x00000000c56c0000)
 Metaspace       used 4068K, capacity 4866K, committed 5120K, reserved 1056768K
  class space    used 448K, capacity 498K, committed 512K, reserved 1048576K
Event: 3.399 GC heap after
Heap after GC invocations=7 (full 0):
 def new generation   total 1152K, used 127K [0x00000000a2400000, 0x00000000a2540000, 0x00000000c1800000)
  eden space 1024K,   0% used [0x00000000a2400000, 0x00000000a2400000, 0x00000000a2500000)
  from space 128K,  99% used [0x00000000a2520000, 0x00000000a253ff70, 0x00000000a2540000)
  to   space 128K,   0% used [0x00000000a2500000, 0x00000000a2500000, 0x00000000a2520000)
 tenured generation   total 64256K, used 1839K [0x00000000c1800000, 0x00000000c56c0000, 0x0000000100000000)
   the space 64256K,   2% used [0x00000000c1800000, 0x00000000c19cbe70, 0x00000000c19cc000, 0x00000000c56c0000)
 Metaspace       used 4068K, capacity 4866K, committed 5120K, reserved 1056768K
  class space    used 448K, capacity 498K, committed 512K, reserved 1048576K
}
Event: 3.434 GC heap before
{Heap before GC invocations=7 (full 0):
 def new generation   total 1152K, used 1151K [0x00000000a2400000, 0x00000000a2540000, 0x00000000c1800000)
  eden space 1024K, 100% used [0x00000000a2400000, 0x00000000a2500000, 0x00000000a2500000)
  from space 128K,  99% used [0x00000000a2520000, 0x00000000a253ff70, 0x00000000a2540000)
  to   space 128K,   0% used [0x00000000a2500000, 0x00000000a2500000, 0x00000000a2520000)
 tenured generation   total 64256K, used 1839K [0x00000000c1800000, 0x00000000c56c0000, 0x0000000100000000)
   the space 64256K,   2% used [0x00000000c1800000, 0x00000000c19cbe70, 0x00000000c19cc000, 0x00000000c56c0000)
 Metaspace       used 4538K, capacity 5028K, committed 5248K, reserved 1056768K
  class space    used 487K, capacity 532K, committed 640K, reserved 1048576K
Event: 3.435 GC heap after
Heap after GC invocations=8 (full 0):
 def new generation   total 1152K, used 111K [0x00000000a2400000, 0x00000000a2540000, 0x00000000c1800000)
  eden space 1024K,   0% used [0x00000000a2400000, 0x00000000a2400000, 0x00000000a2500000)
  from space 128K,  87% used [0x00000000a2500000, 0x00000000a251bf28, 0x00000000a2520000)
  to   space 128K,   0% used [0x00000000a2520000, 0x00000000a2520000, 0x00000000a2540000)
 tenured generation   total 64256K, used 2011K [0x00000000c1800000, 0x00000000c56c0000, 0x0000000100000000)
   the space 64256K,   3% used [0x00000000c1800000, 0x00000000c19f6e58, 0x00000000c19f7000, 0x00000000c56c0000)
 Metaspace       used 4538K, capacity 5028K, committed 5248K, reserved 1056768K
  class space    used 487K, capacity 532K, committed 640K, reserved 1048576K
}

Deoptimization events (0 events):
No events

Internal exceptions (10 events):
Event: 3.449 Thread 0x000000000240d000 Exception <a 'java/security/PrivilegedActionException'> (0x00000000a2489410) thrown at [D:\re\workspace\8-2-build-windows-amd64-cygwin\jdk8u5\2488\hotspot\src\share\vm\prims\jvm.cpp, line 1248]
Event: 3.453 Thread 0x000000000240d000 Exception <a 'java/security/PrivilegedActionException'> (0x00000000a2491760) thrown at [D:\re\workspace\8-2-build-windows-amd64-cygwin\jdk8u5\2488\hotspot\src\share\vm\prims\jvm.cpp, line 1248]
Event: 3.455 Thread 0x000000000240d000 Exception <a 'java/security/PrivilegedActionException'> (0x00000000a2497900) thrown at [D:\re\workspace\8-2-build-windows-amd64-cygwin\jdk8u5\2488\hotspot\src\share\vm\prims\jvm.cpp, line 1248]
Event: 3.456 Thread 0x000000000240d000 Exception <a 'java/security/PrivilegedActionException'> (0x00000000a249cfa0) thrown at [D:\re\workspace\8-2-build-windows-amd64-cygwin\jdk8u5\2488\hotspot\src\share\vm\prims\jvm.cpp, line 1248]
Event: 3.456 Thread 0x000000000240d000 Exception <a 'java/security/PrivilegedActionException'> (0x00000000a24a46a0) thrown at [D:\re\workspace\8-2-build-windows-amd64-cygwin\jdk8u5\2488\hotspot\src\share\vm\prims\jvm.cpp, line 1248]
Event: 3.457 Thread 0x000000000240d000 Exception <a 'java/security/PrivilegedActionException'> (0x00000000a24abd20) thrown at [D:\re\workspace\8-2-build-windows-amd64-cygwin\jdk8u5\2488\hotspot\src\share\vm\prims\jvm.cpp, line 1248]
Event: 3.460 Thread 0x000000000240d000 Exception <a 'java/security/PrivilegedActionException'> (0x00000000a24b12d8) thrown at [D:\re\workspace\8-2-build-windows-amd64-cygwin\jdk8u5\2488\hotspot\src\share\vm\prims\jvm.cpp, line 1248]
Event: 3.462 Thread 0x000000000240d000 Exception <a 'java/security/PrivilegedActionException'> (0x00000000a24ba480) thrown at [D:\re\workspace\8-2-build-windows-amd64-cygwin\jdk8u5\2488\hotspot\src\share\vm\prims\jvm.cpp, line 1248]
Event: 3.464 Thread 0x000000000240d000 Exception <a 'java/security/PrivilegedActionException'> (0x00000000a24c6f80) thrown at [D:\re\workspace\8-2-build-windows-amd64-cygwin\jdk8u5\2488\hotspot\src\share\vm\prims\jvm.cpp, line 1248]
Event: 3.466 Thread 0x000000000240d000 Exception <a 'java/security/PrivilegedActionException'> (0x00000000a24caec0) thrown at [D:\re\workspace\8-2-build-windows-amd64-cygwin\jdk8u5\2488\hotspot\src\share\vm\prims\jvm.cpp, line 1248]

Events (10 events):
Event: 3.457 loading class com/google/common/collect/HashMultimap
Event: 3.457 loading class com/google/common/collect/HashMultimap done
Event: 3.460 loading class com/google/common/collect/AbstractSetMultimap
Event: 3.460 loading class com/google/common/collect/AbstractSetMultimap done
Event: 3.462 loading class com/google/common/collect/AbstractMapBasedMultimap
Event: 3.462 loading class com/google/common/collect/AbstractMapBasedMultimap done
Event: 3.464 loading class com/google/common/collect/AbstractMultimap
Event: 3.464 loading class com/google/common/collect/AbstractMultimap done
Event: 3.466 loading class com/google/common/collect/Multiset
Event: 3.466 loading class com/google/common/collect/Multiset done


Dynamic libraries:
0x000000013fc40000 - 0x000000013fc74000 	C:\altera_lite\15.1\quartus\bin64\jre64\bin\java.exe
0x0000000076e30000 - 0x0000000076fd9000 	C:\Windows\SYSTEM32\ntdll.dll
0x0000000076c10000 - 0x0000000076d2f000 	C:\Windows\system32\kernel32.dll
0x000007fefcec0000 - 0x000007fefcf2c000 	C:\Windows\system32\KERNELBASE.dll
0x000007fefd7c0000 - 0x000007fefd89b000 	C:\Windows\system32\ADVAPI32.dll
0x000007fefcfd0000 - 0x000007fefd06f000 	C:\Windows\system32\msvcrt.dll
0x000007fefda80000 - 0x000007fefda9f000 	C:\Windows\SYSTEM32\sechost.dll
0x000007fefefa0000 - 0x000007feff0cd000 	C:\Windows\system32\RPCRT4.dll
0x0000000076d30000 - 0x0000000076e2a000 	C:\Windows\system32\USER32.dll
0x000007feff0d0000 - 0x000007feff137000 	C:\Windows\system32\GDI32.dll
0x000007fefd7b0000 - 0x000007fefd7be000 	C:\Windows\system32\LPK.dll
0x000007fefd3f0000 - 0x000007fefd4b9000 	C:\Windows\system32\USP10.dll
0x000007fefb4e0000 - 0x000007fefb6d4000 	C:\Windows\WinSxS\amd64_microsoft.windows.common-controls_6595b64144ccf1df_6.0.7601.18837_none_fa3b1e3d17594757\COMCTL32.dll
0x000007fefd0a0000 - 0x000007fefd111000 	C:\Windows\system32\SHLWAPI.dll
0x000007fefcfa0000 - 0x000007fefcfce000 	C:\Windows\system32\IMM32.DLL
0x000007fefedc0000 - 0x000007fefeec9000 	C:\Windows\system32\MSCTF.dll
0x000000005b530000 - 0x000000005b602000 	C:\altera_lite\15.1\quartus\bin64\jre64\bin\msvcr100.dll
0x0000000056d60000 - 0x000000005758a000 	C:\altera_lite\15.1\quartus\bin64\jre64\bin\server\jvm.dll
0x000007fef7d90000 - 0x000007fef7d99000 	C:\Windows\system32\WSOCK32.dll
0x000007fefeed0000 - 0x000007fefef1d000 	C:\Windows\system32\WS2_32.dll
0x000007fefd090000 - 0x000007fefd098000 	C:\Windows\system32\NSI.dll
0x000007fefa090000 - 0x000007fefa0cb000 	C:\Windows\system32\WINMM.dll
0x0000000076ff0000 - 0x0000000076ff7000 	C:\Windows\system32\PSAPI.DLL
0x00000000747c0000 - 0x00000000747cf000 	C:\altera_lite\15.1\quartus\bin64\jre64\bin\verify.dll
0x000000005ac00000 - 0x000000005ac28000 	C:\altera_lite\15.1\quartus\bin64\jre64\bin\java.dll
0x000000005fde0000 - 0x000000005fdf6000 	C:\altera_lite\15.1\quartus\bin64\jre64\bin\zip.dll
0x000007fefdd00000 - 0x000007fefea89000 	C:\Windows\system32\SHELL32.dll
0x000007fefd5a0000 - 0x000007fefd7a3000 	C:\Windows\system32\ole32.dll
0x000007fefcbf0000 - 0x000007fefcbff000 	C:\Windows\system32\profapi.dll
0x000007fef6790000 - 0x000007fef68b5000 	C:\Windows\system32\dbghelp.dll

VM Arguments:
jvm_args: -Xmx1500M -XX:+UseSerialGC 
java_command: com.altera.sopcmodel.sbtools.sbcatalog.SbCatalog --xml --project-directory= --search-path=$,C:\Users\takahiro\Desktop\MIST32_MIST32ERS1\synth\de0-cv,C:\Users\takahiro\Desktop\MIST32_MIST32ERS1\synth\de0-cv
java_class_path (initial): C:/altera_lite/15.1/quartus/sopc_builder/model/lib\Nlview.jar;C:/altera_lite/15.1/quartus/sopc_builder/model/lib\QuickServer.jar;C:/altera_lite/15.1/quartus/sopc_builder/model/lib\TableLayout.jar;C:/altera_lite/15.1/quartus/sopc_builder/model/lib\appframework-1.03.jar;C:/altera_lite/15.1/quartus/sopc_builder/model/lib\asm-3.1.jar;C:/altera_lite/15.1/quartus/sopc_builder/model/lib\asm-commons-3.1.jar;C:/altera_lite/15.1/quartus/sopc_builder/model/lib\basicmodel.jar;C:/altera_lite/15.1/quartus/sopc_builder/model/lib\beansbinding-1.2.1.jar;C:/altera_lite/15.1/quartus/sopc_builder/model/lib\binding-2.0.6.jar;C:/altera_lite/15.1/quartus/sopc_builder/model/lib\com.altera.componenteditor2.jar;C:/altera_lite/15.1/quartus/sopc_builder/model/lib\com.altera.embeddedsw.app_lib.jar;C:/altera_lite/15.1/quartus/sopc_builder/model/lib\com.altera.embeddedsw.bsp.editor.jar;C:/altera_lite/15.1/quartus/sopc_builder/model/lib\com.altera.embeddedsw.bsp.elements.jar;C:/altera_lite/15.1/quartus/sopc_builder/model/lib\com.altera.embeddedsw.bsp.jar;C:/altera_lite/15.1/quartus/sopc_builder/model/lib\com.altera.embeddedsw.bsp.plugin.core.jar;C:/altera_lite/15.1/quartus/sopc_builder/model/lib\com.altera.embeddedsw.bsp.plugin.hal.jar;C:/altera_lite/15.1/quartus/sopc_builder/model/lib\com.altera.embeddedsw.bsp.plugin.lwhal.jar;C:/altera_lite/15.1/quartus/sopc_builder/model/lib\com.altera.embeddedsw.bsp.schema.jar;C:/altera_lite/15.1/quartus/sopc_builder/model/lib\com.altera.embeddedsw.bsp.scripting.jar;C:/altera_lite/15.1/quartus/sopc_builder/model/lib\com.altera.embeddedsw.commandline.jar;C:/altera_lite/15.1/quartus/sopc_builder/model/lib\com.altera.embeddedsw.cpexample.jar;C:/altera_lite/15.1/quartus/sopc_builder/model/lib\com.altera.embeddedsw.flash.jar;C:/altera_lite/15.1/quartus/sopc_builder/model/lib\com.altera.embeddedsw.launch.jar;C:/altera_lite/15.1/quartus/sopc_builder/model/lib\com.altera.embeddedsw.swinfo.jar;C:/altera_lite/15.1/quartus/sopc_builder/model/
Launcher Type: SUN_STANDARD

Environment Variables:
PATH=C:/altera_lite/15.1/quartus/bin64;c:\altera_lite\15.1\quartus\bin64\;c:\altera_lite\15.1\quartus\bin64\;C:\ProgramData\Oracle\Java\javapath;C:\questasim64_10.0c\win64;C:\Program Files (x86)\JavaFX\javafx-sdk1.3\bin;C:\Program Files (x86)\JavaFX\javafx-sdk1.3\emulator\bin;C:\Windows\system32;C:\Windows;C:\Windows\System32\Wbem;C:\Windows\System32\WindowsPowerShell\v1.0\;C:\Program Files\TortoiseSVN\bin;C:\Program Files (x86)\IronRuby 1.0v4\bin;C:\Program Files\TortoiseGit\bin;C:\Program Files\Microsoft\Web Platform Installer\;c:\Program Files (x86)\Microsoft SQL Server\100\Tools\Binn\;c:\Program Files\Microsoft SQL Server\100\Tools\Binn\;c:\Program Files\Microsoft SQL Server\100\DTS\Binn\;C:\Program Files (x86)\GtkSharp\2.12\bin;C:\Aldec\ALINT-2012.12-x64;C:\Program Files\Sublime Text 3;C:\verilator;C:\altera_lite\15.1\quartus\bin;C:\Program Files (x86)\Skype\Phone\;C:\questasim64_10.0c\win64;C:\Program Files (x86)\Java\jdk1.6.0_25\bin;C:\iverilog\bin;C:\iverilog\gtkwave\bin
USERNAME=takahiro
OS=Windows_NT
PROCESSOR_IDENTIFIER=Intel64 Family 6 Model 42 Stepping 7, GenuineIntel



---------------  S Y S T E M  ---------------

OS: Windows 7 , 64 bit Build 7601 Service Pack 1

CPU:total 4 (2 cores per cpu, 2 threads per core) family 6 model 42 stepping 7, cmov, cx8, fxsr, mmx, sse, sse2, sse3, ssse3, sse4.1, sse4.2, popcnt, avx, aes, clmul, ht, tsc, tscinvbit

Memory: 4k page, physical 4102896k(381696k free), swap 4558180k(5072k free)

vm_info: Java HotSpot(TM) 64-Bit Server VM (25.5-b02) for windows-amd64 JRE (1.8.0_05-b13), built on Mar 18 2014 01:08:39 by "java_re" with MS VC++ 10.0 (VS2010)

time: Tue Dec 01 13:57:18 2015
elapsed time: 3 seconds

