Flow report for top_de0_cv
Sun May 01 17:12:35 2016
Quartus Prime Version 15.1.1 Build 189 12/02/2015 SJ Lite Edition


---------------------
; Table of Contents ;
---------------------
  1. Legal Notice
  2. Flow Summary
  3. Flow Settings
  4. Flow Non-Default Global Settings
  5. Flow Elapsed Time
  6. Flow OS Summary
  7. Flow Log
  8. Flow Messages
  9. Flow Suppressed Messages



----------------
; Legal Notice ;
----------------
Copyright (C) 1991-2015 Altera Corporation. All rights reserved.
Your use of Altera Corporation's design tools, logic functions 
and other software and tools, and its AMPP partner logic 
functions, and any output files from any of the foregoing 
(including device programming or simulation files), and any 
associated documentation or information are expressly subject 
to the terms and conditions of the Altera Program License 
Subscription Agreement, the Altera Quartus Prime License Agreement,
the Altera MegaCore Function License Agreement, or other 
applicable license agreement, including, without limitation, 
that your use is for the sole purpose of programming logic 
devices manufactured by Altera and sold by Altera or its 
authorized distributors.  Please refer to the applicable 
agreement for further details.



+-------------------------------------------------------------------------------+
; Flow Summary                                                                  ;
+---------------------------------+---------------------------------------------+
; Flow Status                     ; Successful - Sun May 01 17:12:35 2016       ;
; Quartus Prime Version           ; 15.1.1 Build 189 12/02/2015 SJ Lite Edition ;
; Revision Name                   ; top_de0_cv                                  ;
; Top-level Entity Name           ; top_de0_cv                                  ;
; Family                          ; Cyclone V                                   ;
; Device                          ; 5CEBA4F23C7                                 ;
; Timing Models                   ; Final                                       ;
; Logic utilization (in ALMs)     ; 16,621 / 18,480 ( 90 % )                    ;
; Total registers                 ; 12910                                       ;
; Total pins                      ; 167 / 224 ( 75 % )                          ;
; Total virtual pins              ; 0                                           ;
; Total block memory bits         ; 2,131,832 / 3,153,920 ( 68 % )              ;
; Total DSP Blocks                ; 3 / 66 ( 5 % )                              ;
; Total HSSI RX PCSs              ; 0                                           ;
; Total HSSI PMA RX Deserializers ; 0                                           ;
; Total HSSI TX PCSs              ; 0                                           ;
; Total HSSI PMA TX Serializers   ; 0                                           ;
; Total PLLs                      ; 1 / 4 ( 25 % )                              ;
; Total DLLs                      ; 0 / 4 ( 0 % )                               ;
+---------------------------------+---------------------------------------------+


+-----------------------------------------+
; Flow Settings                           ;
+-------------------+---------------------+
; Option            ; Setting             ;
+-------------------+---------------------+
; Start date & time ; 05/01/2016 16:44:16 ;
; Main task         ; Compilation         ;
; Revision Name     ; top_de0_cv          ;
+-------------------+---------------------+


+--------------------------------------------------------------------------------------------------------------------------------------------------------------------------------------------------------------------------------------+
; Flow Non-Default Global Settings                                                                                                                                                                                                     ;
+----------------------------------------------+------------------------------------------------------------------------------------------------------------------------------------+---------------+-----------------+----------------+
; Assignment Name                              ; Value                                                                                                                              ; Default Value ; Entity Name     ; Section Id     ;
+----------------------------------------------+------------------------------------------------------------------------------------------------------------------------------------+---------------+-----------------+----------------+
; ADV_NETLIST_OPT_SYNTH_WYSIWYG_REMAP          ; On                                                                                                                                 ; Off           ; --              ; --             ;
; COMPILER_SIGNATURE_ID                        ; 740601539809.146208865652696                                                                                                       ; --            ; --              ; --             ;
; EDA_OUTPUT_DATA_FORMAT                       ; Systemverilog Hdl                                                                                                                  ; --            ; --              ; eda_simulation ;
; EDA_SIMULATION_TOOL                          ; ModelSim-Altera (SystemVerilog)                                                                                                    ; <None>        ; --              ; --             ;
; ENABLE_SIGNALTAP                             ; Off                                                                                                                                ; --            ; --              ; --             ;
; FINAL_PLACEMENT_OPTIMIZATION                 ; Always                                                                                                                             ; Automatically ; --              ; --             ;
; FITTER_EFFORT                                ; Standard Fit                                                                                                                       ; Auto Fit      ; --              ; --             ;
; MAX_CORE_JUNCTION_TEMP                       ; 85                                                                                                                                 ; --            ; --              ; --             ;
; MIN_CORE_JUNCTION_TEMP                       ; 0                                                                                                                                  ; --            ; --              ; --             ;
; MISC_FILE                                    ; src/primitive/altera_primitive_sync_fifo_showahead_97in_97out_32depth/altera_primitive_sync_fifo_showahead_97in_97out_32depth_bb.v ; --            ; --              ; --             ;
; MISC_FILE                                    ; src/primitive/altera_asmi_rom/altera_asmi_rom/synthesis/../altera_asmi_rom.cmp                                                     ; --            ; --              ; --             ;
; MISC_FILE                                    ; src/primitive/altera_asmi_rom/altera_asmi_rom/synthesis/../../altera_asmi_rom.qsys                                                 ; --            ; --              ; --             ;
; MISC_FILE                                    ; src/primitive/system_pll/system_pll.cmp                                                                                            ; --            ; --              ; --             ;
; MISC_FILE                                    ; src/primitive/system_pll/system_pll_sim/system_pll.vo                                                                              ; --            ; --              ; --             ;
; MUX_RESTRUCTURE                              ; Off                                                                                                                                ; Auto          ; --              ; --             ;
; OPTIMIZATION_MODE                            ; High Performance Effort                                                                                                            ; Balanced      ; --              ; --             ;
; OPTIMIZATION_TECHNIQUE                       ; Speed                                                                                                                              ; Balanced      ; --              ; --             ;
; OUTPUT_IO_TIMING_FAR_END_VMEAS               ; Half Signal Swing                                                                                                                  ; --            ; --              ; --             ;
; OUTPUT_IO_TIMING_FAR_END_VMEAS               ; Half Signal Swing                                                                                                                  ; --            ; --              ; --             ;
; OUTPUT_IO_TIMING_NEAR_END_VMEAS              ; Half Vccio                                                                                                                         ; --            ; --              ; --             ;
; OUTPUT_IO_TIMING_NEAR_END_VMEAS              ; Half Vccio                                                                                                                         ; --            ; --              ; --             ;
; PARTITION_COLOR                              ; 16764057                                                                                                                           ; --            ; --              ; Top            ;
; PARTITION_FITTER_PRESERVATION_LEVEL          ; PLACEMENT_AND_ROUTING                                                                                                              ; --            ; --              ; Top            ;
; PARTITION_NETLIST_TYPE                       ; SOURCE                                                                                                                             ; --            ; --              ; Top            ;
; PHYSICAL_SYNTHESIS_COMBO_LOGIC               ; On                                                                                                                                 ; Off           ; --              ; --             ;
; PHYSICAL_SYNTHESIS_REGISTER_DUPLICATION      ; On                                                                                                                                 ; Off           ; --              ; --             ;
; PHYSICAL_SYNTHESIS_REGISTER_RETIMING         ; On                                                                                                                                 ; Off           ; --              ; --             ;
; PLACEMENT_EFFORT_MULTIPLIER                  ; 4.0                                                                                                                                ; 1.0           ; --              ; --             ;
; POWER_BOARD_THERMAL_MODEL                    ; None (CONSERVATIVE)                                                                                                                ; --            ; --              ; --             ;
; POWER_PRESET_COOLING_SOLUTION                ; 23 MM HEAT SINK WITH 200 LFPM AIRFLOW                                                                                              ; --            ; --              ; --             ;
; PROJECT_OUTPUT_DIRECTORY                     ; output_files                                                                                                                       ; --            ; --              ; --             ;
; QII_AUTO_PACKED_REGISTERS                    ; Sparse Auto                                                                                                                        ; Auto          ; --              ; --             ;
; REMOVE_DUPLICATE_REGISTERS                   ; Off                                                                                                                                ; On            ; --              ; --             ;
; ROUTER_LCELL_INSERTION_AND_LOGIC_DUPLICATION ; On                                                                                                                                 ; Auto          ; --              ; --             ;
; ROUTER_REGISTER_DUPLICATION                  ; On                                                                                                                                 ; Auto          ; --              ; --             ;
; ROUTER_TIMING_OPTIMIZATION_LEVEL             ; MAXIMUM                                                                                                                            ; Normal        ; --              ; --             ;
; SEARCH_PATH                                  ; src\sdramc\include                                                                                                                 ; --            ; --              ; --             ;
; SEARCH_PATH                                  ; ..\..\..\mist32e10fa\src\core\include                                                                                              ; --            ; --              ; --             ;
; SEARCH_PATH                                  ; ..\..\..\mist32e10fa\src\include                                                                                                   ; --            ; --              ; --             ;
; SLD_FILE                                     ; src/primitive/altera_asmi_rom/altera_asmi_rom/synthesis/altera_asmi_rom.debuginfo                                                  ; --            ; --              ; --             ;
; SLD_INFO                                     ; QSYS_NAME altera_asmi_rom HAS_SOPCINFO 1 GENERATION_ID 1448382097                                                                  ; --            ; altera_asmi_rom ; --             ;
; SMART_RECOMPILE                              ; On                                                                                                                                 ; Off           ; --              ; --             ;
; SOPCINFO_FILE                                ; src/primitive/altera_asmi_rom/altera_asmi_rom/synthesis/../../altera_asmi_rom.sopcinfo                                             ; --            ; --              ; --             ;
; SPD_FILE                                     ; src/primitive/system_pll/system_pll.spd                                                                                            ; --            ; --              ; --             ;
; SPECTRAQ_PHYSICAL_SYNTHESIS                  ; On                                                                                                                                 ; Off           ; --              ; --             ;
; STATE_MACHINE_PROCESSING                     ; One-Hot                                                                                                                            ; Auto          ; --              ; --             ;
; SYNTHESIS_ONLY_QIP                           ; On                                                                                                                                 ; --            ; --              ; --             ;
; SYNTHESIS_ONLY_QIP                           ; On                                                                                                                                 ; --            ; --              ; --             ;
; USE_SIGNALTAP_FILE                           ; signal_tap.stp                                                                                                                     ; --            ; --              ; --             ;
; VERILOG_INPUT_VERSION                        ; SystemVerilog_2005                                                                                                                 ; Verilog_2001  ; --              ; --             ;
; VERILOG_MACRO                                ; SYNTH_BOARD_DE0_CV=<None>                                                                                                          ; --            ; --              ; --             ;
; VERILOG_SHOW_LMF_MAPPING_MESSAGES            ; Off                                                                                                                                ; --            ; --              ; --             ;
+----------------------------------------------+------------------------------------------------------------------------------------------------------------------------------------+---------------+-----------------+----------------+


+-------------------------------------------------------------------------------------------------------------------------------+
; Flow Elapsed Time                                                                                                             ;
+---------------------------+--------------+-------------------------+---------------------+------------------------------------+
; Module Name               ; Elapsed Time ; Average Processors Used ; Peak Virtual Memory ; Total CPU Time (on all processors) ;
+---------------------------+--------------+-------------------------+---------------------+------------------------------------+
; Analysis & Synthesis      ; 00:03:52     ; 2.1                     ; 1420 MB             ; 00:05:34                           ;
; Fitter                    ; 00:20:26     ; 1.6                     ; 3521 MB             ; 00:32:26                           ;
; Assembler                 ; 00:00:23     ; 1.0                     ; 1125 MB             ; 00:00:20                           ;
; TimeQuest Timing Analyzer ; 00:02:24     ; 3.2                     ; 2024 MB             ; 00:04:19                           ;
; EDA Netlist Writer        ; 00:00:21     ; 1.0                     ; 1313 MB             ; 00:00:19                           ;
; Total                     ; 00:27:26     ; --                      ; --                  ; 00:42:58                           ;
+---------------------------+--------------+-------------------------+---------------------+------------------------------------+


+----------------------------------------------------------------------------------------+
; Flow OS Summary                                                                        ;
+---------------------------+------------------+-----------+------------+----------------+
; Module Name               ; Machine Hostname ; OS Name   ; OS Version ; Processor type ;
+---------------------------+------------------+-----------+------------+----------------+
; Analysis & Synthesis      ; home-main        ; Windows 8 ; 6.2        ; x86_64         ;
; Fitter                    ; home-main        ; Windows 8 ; 6.2        ; x86_64         ;
; Assembler                 ; home-main        ; Windows 8 ; 6.2        ; x86_64         ;
; TimeQuest Timing Analyzer ; home-main        ; Windows 8 ; 6.2        ; x86_64         ;
; EDA Netlist Writer        ; home-main        ; Windows 8 ; 6.2        ; x86_64         ;
+---------------------------+------------------+-----------+------------+----------------+


------------
; Flow Log ;
------------
quartus_map --read_settings_files=on --write_settings_files=off top_de0_cv -c top_de0_cv
quartus_fit --read_settings_files=off --write_settings_files=off top_de0_cv -c top_de0_cv
quartus_asm --read_settings_files=off --write_settings_files=off top_de0_cv -c top_de0_cv
quartus_sta top_de0_cv -c top_de0_cv
quartus_eda --read_settings_files=off --write_settings_files=off top_de0_cv -c top_de0_cv



