Assembler report for top_de0_cv
Wed Feb 03 19:16:11 2016
Quartus Prime Version 15.1.1 Build 189 12/02/2015 SJ Lite Edition


---------------------
; Table of Contents ;
---------------------
  1. Legal Notice
  2. Assembler Summary
  3. Assembler Settings
  4. Assembler Generated Files
  5. Assembler Device Options: C:/cygwin64/home/MIST32_MIST32ERS1/synth/de0-cv/output_files/top_de0_cv.sof
  6. Assembler Device Options: C:/cygwin64/home/MIST32_MIST32ERS1/synth/de0-cv/output_files/top_de0_cv.pof
  7. Assembler Messages



----------------
; Legal Notice ;
----------------
Copyright (C) 1991-2015 Altera Corporation. All rights reserved.
Your use of Altera Corporation's design tools, logic functions 
and other software and tools, and its AMPP partner logic 
functions, and any output files from any of the foregoing 
(including device programming or simulation files), and any 
associated documentation or information are expressly subject 
to the terms and conditions of the Altera Program License 
Subscription Agreement, the Altera Quartus Prime License Agreement,
the Altera MegaCore Function License Agreement, or other 
applicable license agreement, including, without limitation, 
that your use is for the sole purpose of programming logic 
devices manufactured by Altera and sold by Altera or its 
authorized distributors.  Please refer to the applicable 
agreement for further details.



+---------------------------------------------------------------+
; Assembler Summary                                             ;
+-----------------------+---------------------------------------+
; Assembler Status      ; Successful - Wed Feb 03 19:16:11 2016 ;
; Revision Name         ; top_de0_cv                            ;
; Top-level Entity Name ; top_de0_cv                            ;
; Family                ; Cyclone V                             ;
; Device                ; 5CEBA4F23C7                           ;
+-----------------------+---------------------------------------+


+----------------------------------+
; Assembler Settings               ;
+--------+---------+---------------+
; Option ; Setting ; Default Value ;
+--------+---------+---------------+


+-----------------------------------------------------------------------------+
; Assembler Generated Files                                                   ;
+-----------------------------------------------------------------------------+
; File Name                                                                   ;
+-----------------------------------------------------------------------------+
; C:/cygwin64/home/MIST32_MIST32ERS1/synth/de0-cv/output_files/top_de0_cv.sof ;
; C:/cygwin64/home/MIST32_MIST32ERS1/synth/de0-cv/output_files/top_de0_cv.pof ;
+-----------------------------------------------------------------------------+


+-------------------------------------------------------------------------------------------------------+
; Assembler Device Options: C:/cygwin64/home/MIST32_MIST32ERS1/synth/de0-cv/output_files/top_de0_cv.sof ;
+----------------+--------------------------------------------------------------------------------------+
; Option         ; Setting                                                                              ;
+----------------+--------------------------------------------------------------------------------------+
; Device         ; 5CEBA4F23C7                                                                          ;
; JTAG usercode  ; 0x088FB689                                                                           ;
; Checksum       ; 0x088FB689                                                                           ;
+----------------+--------------------------------------------------------------------------------------+


+-------------------------------------------------------------------------------------------------------+
; Assembler Device Options: C:/cygwin64/home/MIST32_MIST32ERS1/synth/de0-cv/output_files/top_de0_cv.pof ;
+--------------------+----------------------------------------------------------------------------------+
; Option             ; Setting                                                                          ;
+--------------------+----------------------------------------------------------------------------------+
; Device             ; EPCS64                                                                           ;
; JTAG usercode      ; 0x00000000                                                                       ;
; Checksum           ; 0x6D8292CA                                                                       ;
; Compression Ratio  ; 1                                                                                ;
+--------------------+----------------------------------------------------------------------------------+


+--------------------+
; Assembler Messages ;
+--------------------+
Info: *******************************************************************
Info: Running Quartus Prime Assembler
    Info: Version 15.1.1 Build 189 12/02/2015 SJ Lite Edition
    Info: Processing started: Wed Feb 03 19:15:52 2016
Info: Command: quartus_asm --read_settings_files=off --write_settings_files=off top_de0_cv -c top_de0_cv
Info (115030): Assembler is generating device programming files
Info: Quartus Prime Assembler was successful. 0 errors, 0 warnings
    Info: Peak virtual memory: 1107 megabytes
    Info: Processing ended: Wed Feb 03 19:16:11 2016
    Info: Elapsed time: 00:00:19
    Info: Total CPU time (on all processors): 00:00:18


