Flow report for top_de2_115
Sun May 01 17:42:15 2016
Quartus Prime Version 15.1.1 Build 189 12/02/2015 SJ Lite Edition


---------------------
; Table of Contents ;
---------------------
  1. Legal Notice
  2. Flow Summary
  3. Flow Settings
  4. Flow Non-Default Global Settings
  5. Flow Elapsed Time
  6. Flow OS Summary
  7. Flow Log
  8. Flow Messages
  9. Flow Suppressed Messages



----------------
; Legal Notice ;
----------------
Copyright (C) 1991-2015 Altera Corporation. All rights reserved.
Your use of Altera Corporation's design tools, logic functions 
and other software and tools, and its AMPP partner logic 
functions, and any output files from any of the foregoing 
(including device programming or simulation files), and any 
associated documentation or information are expressly subject 
to the terms and conditions of the Altera Program License 
Subscription Agreement, the Altera Quartus Prime License Agreement,
the Altera MegaCore Function License Agreement, or other 
applicable license agreement, including, without limitation, 
that your use is for the sole purpose of programming logic 
devices manufactured by Altera and sold by Altera or its 
authorized distributors.  Please refer to the applicable 
agreement for further details.



+----------------------------------------------------------------------------------+
; Flow Summary                                                                     ;
+------------------------------------+---------------------------------------------+
; Flow Status                        ; Successful - Sun May 01 17:41:44 2016       ;
; Quartus Prime Version              ; 15.1.1 Build 189 12/02/2015 SJ Lite Edition ;
; Revision Name                      ; top_de2_115                                 ;
; Top-level Entity Name              ; top_de2_115                                 ;
; Family                             ; Cyclone IV E                                ;
; Device                             ; EP4CE115F29C7                               ;
; Timing Models                      ; Final                                       ;
; Total logic elements               ; 33,590 / 114,480 ( 29 % )                   ;
;     Total combinational functions  ; 28,701 / 114,480 ( 25 % )                   ;
;     Dedicated logic registers      ; 13,747 / 114,480 ( 12 % )                   ;
; Total registers                    ; 13747                                       ;
; Total pins                         ; 189 / 529 ( 36 % )                          ;
; Total virtual pins                 ; 0                                           ;
; Total memory bits                  ; 2,170,816 / 3,981,312 ( 55 % )              ;
; Embedded Multiplier 9-bit elements ; 8 / 532 ( 2 % )                             ;
; Total PLLs                         ; 1 / 4 ( 25 % )                              ;
+------------------------------------+---------------------------------------------+


+-----------------------------------------+
; Flow Settings                           ;
+-------------------+---------------------+
; Option            ; Setting             ;
+-------------------+---------------------+
; Start date & time ; 05/01/2016 17:18:08 ;
; Main task         ; Compilation         ;
; Revision Name     ; top_de2_115         ;
+-------------------+---------------------+


+---------------------------------------------------------------------------------------------------------------------------------------------------------------------------------+
; Flow Non-Default Global Settings                                                                                                                                                ;
+-----------------------------------------+----------------------------------------------------------------------------------------+---------------+-----------------+------------+
; Assignment Name                         ; Value                                                                                  ; Default Value ; Entity Name     ; Section Id ;
+-----------------------------------------+----------------------------------------------------------------------------------------+---------------+-----------------+------------+
; COMPILER_SIGNATURE_ID                   ; 740601539809.146209068806448                                                           ; --            ; --              ; --         ;
; CYCLONEII_OPTIMIZATION_TECHNIQUE        ; Speed                                                                                  ; Balanced      ; --              ; --         ;
; ENABLE_SIGNALTAP                        ; On                                                                                     ; --            ; --              ; --         ;
; MAX_CORE_JUNCTION_TEMP                  ; 85                                                                                     ; --            ; --              ; --         ;
; MIN_CORE_JUNCTION_TEMP                  ; 0                                                                                      ; --            ; --              ; --         ;
; MISC_FILE                               ; src/primitive/altera_asmi_rom/altera_asmi_rom/synthesis/../altera_asmi_rom.cmp         ; --            ; --              ; --         ;
; MISC_FILE                               ; src/primitive/altera_asmi_rom/altera_asmi_rom/synthesis/../../altera_asmi_rom.qsys     ; --            ; --              ; --         ;
; MISC_FILE                               ; src/primitive/system_pll/system_pll_inst.v                                             ; --            ; --              ; --         ;
; MISC_FILE                               ; src/primitive/system_pll/system_pll_bb.v                                               ; --            ; --              ; --         ;
; MISC_FILE                               ; src/primitive/system_pll/system_pll.ppf                                                ; --            ; --              ; --         ;
; OUTPUT_IO_TIMING_FAR_END_VMEAS          ; Half Signal Swing                                                                      ; --            ; --              ; --         ;
; OUTPUT_IO_TIMING_FAR_END_VMEAS          ; Half Signal Swing                                                                      ; --            ; --              ; --         ;
; OUTPUT_IO_TIMING_NEAR_END_VMEAS         ; Half Vccio                                                                             ; --            ; --              ; --         ;
; OUTPUT_IO_TIMING_NEAR_END_VMEAS         ; Half Vccio                                                                             ; --            ; --              ; --         ;
; PARTITION_COLOR                         ; 16764057                                                                               ; --            ; --              ; Top        ;
; PARTITION_FITTER_PRESERVATION_LEVEL     ; PLACEMENT_AND_ROUTING                                                                  ; --            ; --              ; Top        ;
; PARTITION_NETLIST_TYPE                  ; SOURCE                                                                                 ; --            ; --              ; Top        ;
; PHYSICAL_SYNTHESIS_COMBO_LOGIC          ; On                                                                                     ; Off           ; --              ; --         ;
; PHYSICAL_SYNTHESIS_REGISTER_DUPLICATION ; On                                                                                     ; Off           ; --              ; --         ;
; PHYSICAL_SYNTHESIS_REGISTER_RETIMING    ; On                                                                                     ; Off           ; --              ; --         ;
; POWER_BOARD_THERMAL_MODEL               ; None (CONSERVATIVE)                                                                    ; --            ; --              ; --         ;
; POWER_PRESET_COOLING_SOLUTION           ; 23 MM HEAT SINK WITH 200 LFPM AIRFLOW                                                  ; --            ; --              ; --         ;
; PROJECT_OUTPUT_DIRECTORY                ; output_files                                                                           ; --            ; --              ; --         ;
; ROUTER_TIMING_OPTIMIZATION_LEVEL        ; MAXIMUM                                                                                ; Normal        ; --              ; --         ;
; SEARCH_PATH                             ; ..\..\..\mist32e10fa\src\core\include                                                  ; --            ; --              ; --         ;
; SEARCH_PATH                             ; ..\..\..\mist32e10fa\src\include                                                       ; --            ; --              ; --         ;
; SLD_FILE                                ; src/primitive/altera_asmi_rom/altera_asmi_rom/synthesis/altera_asmi_rom.debuginfo      ; --            ; --              ; --         ;
; SLD_INFO                                ; QSYS_NAME altera_asmi_rom HAS_SOPCINFO 1 GENERATION_ID 1452441214                      ; --            ; altera_asmi_rom ; --         ;
; SOPCINFO_FILE                           ; src/primitive/altera_asmi_rom/altera_asmi_rom/synthesis/../../altera_asmi_rom.sopcinfo ; --            ; --              ; --         ;
; SYNTHESIS_ONLY_QIP                      ; On                                                                                     ; --            ; --              ; --         ;
; USE_SIGNALTAP_FILE                      ; stp1.stp                                                                               ; --            ; --              ; --         ;
; VERILOG_INPUT_VERSION                   ; SystemVerilog_2005                                                                     ; Verilog_2001  ; --              ; --         ;
; VERILOG_SHOW_LMF_MAPPING_MESSAGES       ; Off                                                                                    ; --            ; --              ; --         ;
+-----------------------------------------+----------------------------------------------------------------------------------------+---------------+-----------------+------------+


+-------------------------------------------------------------------------------------------------------------------------------+
; Flow Elapsed Time                                                                                                             ;
+---------------------------+--------------+-------------------------+---------------------+------------------------------------+
; Module Name               ; Elapsed Time ; Average Processors Used ; Peak Virtual Memory ; Total CPU Time (on all processors) ;
+---------------------------+--------------+-------------------------+---------------------+------------------------------------+
; Analysis & Synthesis      ; 00:12:59     ; 1.0                     ; 1470 MB             ; 00:11:33                           ;
; Fitter                    ; 00:09:55     ; 1.2                     ; 2350 MB             ; 00:13:55                           ;
; Assembler                 ; 00:00:09     ; 1.0                     ; 859 MB              ; 00:00:08                           ;
; TimeQuest Timing Analyzer ; 00:00:24     ; 2.0                     ; 1301 MB             ; 00:00:30                           ;
; Total                     ; 00:23:27     ; --                      ; --                  ; 00:26:06                           ;
+---------------------------+--------------+-------------------------+---------------------+------------------------------------+


+----------------------------------------------------------------------------------------+
; Flow OS Summary                                                                        ;
+---------------------------+------------------+-----------+------------+----------------+
; Module Name               ; Machine Hostname ; OS Name   ; OS Version ; Processor type ;
+---------------------------+------------------+-----------+------------+----------------+
; Analysis & Synthesis      ; home-main        ; Windows 8 ; 6.2        ; x86_64         ;
; Fitter                    ; home-main        ; Windows 8 ; 6.2        ; x86_64         ;
; Assembler                 ; home-main        ; Windows 8 ; 6.2        ; x86_64         ;
; TimeQuest Timing Analyzer ; home-main        ; Windows 8 ; 6.2        ; x86_64         ;
+---------------------------+------------------+-----------+------------+----------------+


------------
; Flow Log ;
------------
quartus_map --read_settings_files=on --write_settings_files=off top_de2_115 -c top_de2_115
quartus_fit --read_settings_files=off --write_settings_files=off top_de2_115 -c top_de2_115
quartus_asm --read_settings_files=off --write_settings_files=off top_de2_115 -c top_de2_115
quartus_sta top_de2_115 -c top_de2_115



